HDDTESTER,HDD Tester,hddtester_compressed_v1.1.elf
HDLSERVER,HDL Server,HDL-SERVER-093.ELF
POPSLOADER,POPSLoader,POPSLOADER.ELF
PS2TEMPS,PS2 Temps,PS2Temps.ELF
RETROLAUNCH,RETROLauncher,RETROLauncher.elf
CHEATDEVICE,Cheat Device,CheatDevice.ELF
SYS_IGR,[VMC] Return to Boot Card,IGR.ELF
APP_ARGON,[APP] Argon XMB Media Player,ARGON.ELF
FMCBINSTALL,FMCBInstaller,FMCBInstaller.elf
FC,FC,FC.ELF
PS1_POPSLOAD,[PS1] !POPSLoader,POPSLOADER.ELF
LDR_PS2BBL-L,[LDR] PS2BBL Compressed (Lite),PS2BBL-LITE.ELF
NEUTRINO,Neutrino,neutrino.elf
PS2IDENT,PS2 Ident,PS2Ident.elf
VTSPS2HBDL,VTSPS2-HBDL - HomeBrew DownLoader,VTSPS2-HBDL.elf
NETFS,Netfs,NETFS.ELF
HDDCHECKER,HDD Checker,HDDChecker.elf
R0004,R0004,r0004v002.elf
VTSPS2HBDLH,VTSPS2-HBDL - HomeBrew DownLoader,VTSPS2-HBDL.elf
MECHACONCRA,Mechacon Crash Tester,mechacon_crash_tester.elf
AURA,Aura,aura.elf
SYS_FMCB-CFG,[SYS] FMCB Configurator,FMCB-CFG.ELF
