SLPS_259.18 Amagami
SLPS_732.49 Ar tonelico: Sekai no Owari de Utai Tsuzukeru Shoujo
SLPS_202.08 Boku wa Chiisai
SLES_516.58 Disneys Ferkels grosses Abenteuer-Spiel
SLPM_652.71 Over the Monochrome Rainbow featuring Shogo Hamada
SCPS_150.13 Poinie's Poin
SCES_015.21 Disney/Pixar Das grosse Krabbeln
SLES_032.57 Disneys Tiggers Honigjagd
SLES_541.95 Turbo Trucks
SLPS_259.87 Amagami (Limited Edition)
SLPM_657.49 Zoids: Infinity Fuzors
SLES_525.73 Conflict: Global Storm
SLPS_255.49 Kidou Senshi Gundam Seed Destiny: Generation of C.E.
SLPS_253.05 Kidou Senshi Z Gundam: A.E.U.G. vs. Titans
SLPM_624.03 Chou Aniki: Seinaru Protein Densetsu
SLPM_620.07 Gradius III and IV: Fukkatsu no Shinwa
SLPM_660.22 Kaidou: Touge no Densetsu
SLPM_652.46 Kaidou Battle: Nikko, Haruna, Rokko, Hakone
SLPS_203.69 Kinnikuman Generations
SLPM_664.05 Radirgy Precious
SLPM_624.33 Sega Ages 2500 Series Vol. 6: Ichini no Tant-R to Bonanza Bros.
SLPM_626.91 Sega Ages 2500 Series Vol. 20: Space Harrier II: Space Harrier Complete Collection
SLPM_626.92 Sega Ages 2500 Series Vol. 21: SDI & Quartet: Sega System 16 Collection
SLPM_627.08 Sega Ages 2500 Series Vol. 22: Advanced Daisenryaku: Deutsch Dengeki Sakusen
SLPM_627.09 Sega Ages 2500 Series Vol. 23: Sega Memorial Selection
SLPM_626.87 Sega Ages 2500 Series Vol. 24: Last Bronx: Tokyo Bangaichi
SLPM_627.60 Sega Ages 2500 Series Vol. 29: Monster World Complete Collection
SLPM_627.66 Sega Ages 2500 Series Vol. 30: Galaxy Force II: Special Extended Edition
SLPM_627.67 Sega Ages 2500 Series Vol. 31: Dennou Senki: Virtual On
SLPM_621.65 Shikigami no Shiro
SLPM_660.69 Shikigami no Shiro: Nanayozuki Gensoukyoku
SLPM_624.61 Shikigami no Shiro II (Shokai Gentei)
SLES_037.50 Panzer Front bis
SLPM_626.46 Oretachi Geesen Zoku: Sonic Wings
SLPM_626.60 Oretachi Geesen Zoku: Super Volleyball
SLPM_626.61 Oretachi Geesen Zoku: Terra Cresta
SLPM_626.95 Oretachi Geesen Zoku: Burger Time
SLPM_626.96 Oretachi Geesen Zoku: Yie Ar Kung Fu
SLPM_627.04 Oretachi Geesen Zoku: Quarth
SLPM_627.05 Oretachi Geesen Zoku: Nekketsu Koukou Dodgeball-bu
SLPM_627.07 Oretachi Geesen Zoku: Rabio Lepus
SLPM_627.31 Oretachi Geesen Zoku: Pooyan
SLES_527.41 The Red Star
SLPS_204.40 Simple 2000 Series Vol. 88: The Mini-suke Police
SLES_526.17 Stock Car Speedway
SLES_526.39 V8 Supercars Australia 2
SLES_530.89 V8 Supercars Australia 3
SLPM_657.75 DDR Festival: Dance Dance Revolution
SCES_550.83 EyeToy Play: PomPom Party
SLPM_552.98 Final Fantasy XI: Adoulin no Makyou
SLPM_652.88 Final Fantasy XI: Zilart no Gen'ei
SLPM_650.52 Gitadora! GuitarFreaks 4th Mix & DrumMania 3rd Mix
SLPM_650.11 GuitarFreaks 3rd Mix & DrumMania 2nd Mix
SLPM_663.13 GuitarFreaks V & DrumMania V
SLPM_666.86 GuitarFreaks & DrumMania Masterpiece Gold
SLPM_664.84 GuitarFreaks & DrumMania Masterpiece Silver
SLPM_668.22 GuitarFreaks & DrumMania V3
SLPM_620.12 KeyboardMania
SLPM_650.94 KeyboardMania II: 2nd Mix & 3rd Mix
SLPM_652.08 Pop'n Music 7
SLPM_653.16 Pop'n Music 8
SLPM_657.70 Pop'n Music 10
SLPM_665.33 Pop'n Music 13: Carnival
SLPM_667.42 Pop'n Music 14: Fever!
SLPM_622.88 Pop'n Music Best Hits!
SLPM_622.74 Jikkyou Powerful Pro Yakyuu 9: Ketteiban
SCPS_151.18 Wild Arms: The Vth Vanguard
SLPM_626.35 Simple 2000 Series Ultimate Vol. 26: Love * Smash! 5.1: Tennis Robo no Hanran
SLPM_626.38 Simple 2000 Series Vol. 80: The OneeChamploo: The Nee-chan Tokubetsu-hen
SCPS_150.88 Bokura no Kazoku: My Family Growing Up in the 21st Century
SLPS_204.66 Simple 2000 Series Vol. 101: The OneeChampon: The Nee-chan 2 Tokubetsu-hen
SLPM_662.78 Shin Gouketsuji Ichizoku: Bonnou Kaihou
SLES_504.57 Rayman M
SLPS_252.41 Motion Gravure Series: Mori Hiroko
SLPS_252.42 Motion Gravure Series: Kitagawa Tomomi
SLPS_252.43 Motion Gravure Series: Nemoto Harumi
SLPS_252.59 Virtual View: Nemoto Harumi Eizou Play
SLPS_252.60 Virtual View: Megumi Eizou Play
SLPM_660.58 Sengoku Basara
SLES_533.99 Yakuza Fury
SLPM_620.47 Endonesia
SLES_009.35 Tennis Arena
SCES_013.30 Tombi!
SCES_002.90 A.IV: Evolution Global
SLES_026.82 Land Maker
SLES_017.10 Legend of Kartia
SLES_005.19 The Raven Project (Disc 1)
SLES_105.19 The Raven Project (Disc 2)
SLES_041.10 Robin Hood: The Siege
SCPS_110.12 Rimococoron
SCPS_110.18 Yoake no Mariko
SCPS_110.22 Yoake no Mariko 2nd Act
SLES_531.52 Mashed: Fully Loaded
SCES_540.41 Ace Combat: The Belkan War
SCPS_150.47 Doko Demo Issho: Watashi na Ehon
SCPS_150.67 Doko Demo Issho: Toro to Nagare-boshi
SCPS_150.81 Doko Demo Issho: Toro to Ippai
SLPM_551.22 Gundam Musou 2
SLPM_669.40 Gundam Musou Special
SLPS_255.20 Gundam True Odyssey: Ushinawareshi G no Densetsu
SLES_542.55 The King of Fighters: Maximum Impact 2
SLPM_653.34 Shin Seiki Evangelion: Ayanami Ikusei Keikaku with Asuka Hokan Keikaku (Shokai Genteiban)
SLPM_658.67 Shin Seiki Evangelion: Koutetsu no Girlfriend 2nd
SLPM_663.36 Shin Seiki Evangelion: Koutetsu no Girlfriend Tokubetsu-hen
SLPM_667.63 Shin Seiki Evangelion: Battle Orchestra
SLPM_626.52 Simple 2000 Series Vol. 81: The Chikyuu Boueigun 2
SLPM_650.54 Abarenbou Princess
SLPS_033.08 Simple Character 2000 Series Vol. 03: Kamen Rider: The Bike Race
SLPM_655.00 Anubis: Zone of the Enders: Special Edition
SCPS_150.96 Saru! Get You! 3
SLPM_655.65 Shin Sangoku Musou 3: Empires
SLES_022.44 Mighty Hits Special
SLPM_653.66 Dear Boys: Fast Break!
SLPM_654.84 wordimagesoundplay
SCPS_110.24 Otostaz
SLPS_255.59 Samurai Spirits: Tenka-ichi Kenkakuden
SLPM_552.88 Shin Koihime Musou: Otome Ryouran Sangokushi Engi
SLPM_663.58 Shinobido Takumi
SLPS_254.47 Top o Nerae! GunBuster
SLES_006.14 Lifeforce Tenka
SLES_008.38 Oddworld: L'Odyssée d'Abe
SLPS_018.79 AirRace Championship
SLES_015.36 Poy Poy 2
SLPM_650.39 Densha de Go! Shinkansen: San'you Shinkansen-hen
SLPS_256.61 NeoGeo Online Collection Vol. 7: The King of Fighters: Nests
SLES_038.98 Moorhen 3: Chicken Chase
SLES_041.74 Moorhuhn X
SLPM_806.29 Kamen Rider Agito / Hyakujuu Sentai GaoRanger (Taikenban)
SLPM_659.13 Demento
SLAJ_250.47 Duo Luo Luo
SLES_528.64 MX World Tour
SCES_013.31 Tombi!
SLPM_660.51 Need for Speed: Underground 2: SHA_DO
SLPM_685.24 Metal Gear Online
SLPM_624.69 Gunbird 1 & 2
SLES_555.98 Hugo: Magic in the Trollwoods
SLES_529.80 Big Mutha Truckers 2: Truck Me Harder
SLES_532.31 Le Avventure di Lupin III: Il Tesoro del Re Stregone
SLES_549.73 Le Avventure di Lupin III: Lupin la Morte, Zenigata l'Amore
SLPS_258.38 A Taiheiyou no Arashi: Senkan Yamatokatsuki ni Shutsugeki su!
SLPS_255.99 Shakugan no Shana
SLPM_661.34 Shuffle! On the Stage
SLES_549.84 The Water Horse: Legend of the Deep
SLPS_258.16 Yamasa Digi World Collaboration SP: Pachi-Slot Ridge Racer
SLAJ_250.45 Yinghua Dazhan V Episode 0: Huangye de Shaonü Wushi
SLES_550.17 Yu-Gi-Oh! GX: Tag Force Evolution
SLPS_259.00 Kidou Senshi Gundam 00: Gundam Meisters
SLPM_625.65 Boboboubo Boubobo: Atsumare!! Taikan Boubobo
SLES_000.97 Exhumed
SCPS_150.46 Hungry Ghosts
SLPS_257.86 Hisshou Pachinko Pachi-Slot Kouryaku Series Vol. 10: CR Shin Seiki Evangelion: Kiseki no Kachi wa
SLPM_622.91 Bomberman Land 2: Game Shijou Saidai no Theme Park
SLES_538.05 Cocoto Funfair
SLPM_651.69 CombatQueen
SLPM_665.85 Elvandia Story
SLPM_654.08 Growlanser IV: Wayfarer of the Time
SLPS_253.43 Gunslinger Girl. Volume.I
SLPS_253.73 Gunslinger Girl. Volume.II
SLPS_253.88 Gunslinger Girl. Volume.III
SLES_539.00 Kaido Racer 2
SLPS_254.78 Kidou Senshi Gundam: Ichinen Sensou
SLPS_255.69 Kidou Senshi Gundam Seed: Rengou vs. Z.A.F.T.
SLPS_250.59 Kikou Busou G-Breaker: Legend of Cloudia
SLPS_251.14 Kikou Busou G-Breaker: Dai-3-Ji Cloudia Taisen
SLPS_251.24 Kikou Busou G-Breaker 2: Doumei no Hangeki
SLPS_253.24 Nishikaze no Rhapsody: The Rhapsody of Zephyr (Shokai Genteiban)
SLES_523.93 Pinball Fun
SLPS_201.98 Raging Bless: Gouma Mokushiroku
SLPS_257.44 Saint Seiya: Meiou Hades Juunikyuu-hen
SLPM_624.84 Simple 2000 Series Vol. 50: The Daibijin
SLPS_250.08 Sorcerous Stabber Orphen
SLPS_258.27 Soukou Kihei Votoms
SLPM_660.57 Taito Memories: Joukan
SLPS_200.66 Tenshi no Present: Marl Oukoku Monogatari
SLPS_250.80 Uchuu Senkan Yamato: Iscandar e no Tsuioku (Shokai Seisan Genteiban)
SLPS_251.61 Uchuu Senkan Yamato: Ankoku Seidan Teikoku no Gyakushuu (Shokai Genteiban)
SLPS_251.64 Uchuu Senkan Yamato: Nijuu Ginga no Houkai
SLES_533.68 Splatter Master
SLES_543.41 Dancing Stage SuperNova
SLPS_250.98 Air Ranger 2: Rescue Helicopter
SLPM_654.09 Air Ranger 2 Plus: Rescue Helicopter
SLES_521.17 Go Go Copter: Remote Control Helicopter
SLES_538.21 Radio Helicopter II
SLPS_253.53 Xenosaga Freaks
SLES_502.21 Conflict Zone
SLES_533.45 Shadow of Ganymede
SLPM_625.88 Simple 2000 Series Vol. 73: The Saiyuu Touenden
SLPM_620.48 Battle Gear 2
SLPM_661.76 Chaos Field: New Order
SLPS_010.95 Domino-kun o Tomenai de.
SLPS_033.36 Mr. Driller G
SLPS_012.21 Namco Anthology 2
SLPS_202.59 Kotoba no Puzzle: Mojipittan
SCPS_110.25 Space Fishermen
SLPM_622.29 Super Puzzle Bobble 2
SLPS_202.21 Taiko no Tatsujin: Tatacon de Dodon ga Don
SLPS_202.72 Taiko no Tatsujin: Doki! Shinkyoku Darake no Haru Matsuri
SLPS_203.21 Taiko no Tatsujin: Appare Sandaime
SLPS_203.83 Taiko no Tatsujin: Atsumare! Matsuri da!! Yondaime
SLPS_204.00 Taiko no Tatsujin: Go! Go! Godaime
SLPS_204.51 Taiko no Tatsujin: Wai Wai Happy! Rokudaime
SLPS_201.17 Taikyoku Mahjong: Net de Ron!
SLES_532.18 Dancing Stage Max
SLES_515.10 Dancing Stage MegaMix
SLES_551.97 Dancing Stage SuperNova 2
SLPM_621.54 DDRMAX: Dance Dance Revolution 6th MIX
SLPM_623.42 Fire Pro Wrestling Z
SLPM_539.60 Kinnikuman Muscle Grand Prix Ma2
SLPM_659.59 Standard Daisenryaku: Ushinawareta Shouri
SLPM_865.05 Dancing Stage featuring Dreams Come True
SLPS_014.51 Ginga Ojousama Densetsu Yuna: Final Edition
SLES_033.41 Wer wird Millionar
SLES_035.94 Wer wird Millionar: Junior
SLES_039.16 Wer wird Millionar: Dritte Edition
SCPS_150.15 Toro to Kyuujitsu
SCES_553.85 Buzz! Brain of the UK
SCES_549.41 Buzz! The Schools Quiz
SLPM_659.34 Maple Colors: Kessen wa Gakuensai!
SLPS_253.92 Desire
SLPS_257.43 Aa Megami-sama
SLPM_650.61 Adventure of Tokyo Disney Sea: Ushinawareta Houseki no Himitsu
SLPM_623.01 Aerobics Revolution
SLPS_201.96 Akagawa Jirou: Tsuki no Hikari: Shizumeru Kane no Satsujin
SLPS_201.39 All Star Pro-Wrestling II
SLPS_258.47 Amagoushi no Yakata: Ichiyanagi Nagomu, Saisho no Junan
SLPS_200.11 American Arcade
SLPS_255.14 Aoi Umi no Tristia: Nanoca Flanka Hatsumei Koubouki
SCPS_150.86 Bakufuu Slash! Kizuna Arashi
SLPM_621.55 The Baseball 2002: Battle Ball Park Sengen
SLPS_200.84 Basic Studio: Powerful Game Koubou (Disc 1) (Basic Studio Disc)
SLPS_200.85 Basic Studio: Powerful Game Koubou (Disc 2) (Play Disc)
SCPS_110.04 Bikkuri Mouse
SCPS_150.07 Blood: The Last Vampire: Joukan
SCPS_150.08 Blood: The Last Vampire: Gekan
SLPM_625.72 Boboboubo Boubobo: Atsumare!! Taikan Boubobo
SCPS_110.08 Boku to Maou
SLPS_254.21 Bokujou Monogatari: Oh! Wonderful Life (Shokai Genteiban)
SLPS_201.04 Bokujou Monogatari 3: Heart ni Hi o Tsukete
SCPS_110.13 Bravo Music
SCPS_110.19 Bravo Music: Chou Meikyoku-ban (Genteiban)
SLPM_620.98 Busin: Wizardry Alternative
SLPS_257.64 Busou Renkin: Youkoso Papillon Park e
SLPS_204.08 Card Captor Sakura: Sakura-chan to Asobo!
SLPM_623.65 Cardinal Arc: Konton no Fuusatsu
SLPM_620.79 Ce-Pa 2001
SLPS_250.15 Choro Q HG
SLPM_622.44 Choro Q HG 3
SLPM_653.26 Choro Q HG 4
SLPM_620.37 Chou Kousoku Igo
SLPM_620.38 Chou Kousoku Mahjong
SLPM_621.46 Chou Kousoku Mahjong Plus
SLPM_620.36 Chou Kousoku Reversi
SLPM_621.29 Climax Tennis
SLPS_202.02 Coloball 2002
SLPM_623.22 The Conveni 3: Ano Machi o Dokusen seyo
SLPS_200.67 Crazy Bump's: Kattobi Car Battle!
SLPM_622.12 Critical Bullet: 7th Target
SLPS_200.23 CrossFire
SLPS_258.72 Daisenryaku: Daitoua Kouboushi: Tora Tora Tora Ware Kishuu ni Seikou Seri
SLPS_254.64 Daisenryaku VII: Exceed
SLPS_203.76 Daito Giken Koushiki Pachi-Slot Simulator: Yoshimune
SLPS_204.42 Daito Giken Koushiki Pachi-Slot Simulator: Ossu! Banchou
SLPS_204.72 Daito Giken Koushiki Pachi-Slot Simulator: Hihouden
SLPS_204.96 Daito Giken Koushiki Pachi-Slot Simulator: Shake II
SLPS_205.06 Daito Giken Koushiki Pachi-Slot Simulator: 24: Twenty Four
SLPS_256.67 Daito Giken Premium Pachi-Slot Collection: Yoshimune
SLPM_620.49 Densha de Go! 3: Tsuukin-hen
SLPS_253.21 Derby Stallion 04
SLPM_653.95 Di Gi Charat Fantasy Excellent
SLPS_201.38 Digital Holmes
SLPS_200.02 Doukyuu: Billiard Master 2
SCPS_560.10 Downhill Racer
SLPM_620.01 DrumMania
SLPS_250.06 Eikan wa Kimi ni: Koushien e no Michi
SLPS_250.53 Eikan wa Kimi ni: Koushien no Hasha
SLPS_201.84 Eikan wa Kimi ni 2002: Koushien no Kodou
SLPM_626.23 Elemental Gelade: Matoe, Suifuu no Tsurugi
SLPS_200.05 EX Billiards
SLPM_654.15 EX Jinsei Game II
SLPM_621.03 EX Okuman Chouja Game: The Money Battle
SLPS_202.98 Fever 8: Sankyo Koushiki Pachinko Simulation
SLPS_202.91 Fish Eyes 3: Kioku no Hahen-tachi
SLPM_620.96 Flying Circus: RC Copter Adventure Championship
SLPS_202.31 Freekstyle Motocross
SLPS_258.14 Future GPX Cyber Formula: Road to the Infinity 4
SLPM_654.94 Fuuun Shinsengumi
SLPS_250.34 Hana to Taiyou to Ame to
SLPM_658.39 Hanjuku Hero 4: 7-nin no Hanjuku Hero
SLPM_653.15 Hanjuku Hero tai 3D
SLPS_259.09 Hisshou Pachinko Pachi-Slot Kouryaku Series Vol. 13: Shin Seiki Evangelion: Yakusoku no Toki
SLPM_658.22 Ichigo 100 Percent Strawberry Diary
SLPS_200.39 Ide Yousuke no Mahjong Kazoku 2
SLPS_251.82 Idol Janshi R: Janguru Project (Genteiban)
SLPM_667.85 Idol Janshi Suchie-Pai IV
SLPM_667.84 Idol Janshi Suchie-Pai III Remix
SLPM_667.33 Iinazuke
SLPM_667.32 Iinazuke (Shokai Genteiban)
SLPM_620.35 Iku ze! Onsen Takkyuu!!
SLPM_661.84 Ikusagami
SLPM_611.32 Ikusagami (Taikenban)
SLPM_664.75 Jissen Pachi-Slot Hisshouhou! Hokuto no Ken Special Edition
SLPM_656.29 Kappa no Kai-kata: How to Breed Kappas
SLPM_660.35 Kenka Banchou
SLPM_666.32 Kenka Banchou 2: Full Throttle
SLPS_250.04 Kensetsu Juuki Kenka Battle: Buchigire Kongou!!
SLPS_256.43 KimiKiss
SLPS_250.65 Kindan no Pet: Seaman: Gassé Hakase no Jikken-tou
SLPS_252.48 Kino no Tabi: The Beautiful World
SLPS_255.70 Kino no Tabi II: The Beautiful World
SCPS_150.60 Koufuku Sousakan
SLPM_653.94 Love Smash! 5: Tennis Robo no Hanran
SLPS_250.30 Lunatic Dawn: Tempest
SCAJ_100.10 Mahjong Party: Gen Shuizhe Meinü Dajiquan
SLPS_252.53 Mezamashi TV: 10th Anniversary: Kyou no Wanko
SLPS_202.55 Million God
SCPS_150.16 Minna no Golf 3
SLPS_250.51 Missing Blue
SLPS_250.39 Missing Blue (Shokai Genteiban)
SLPS_253.01 Missing Parts Side A: The Tantei Stories
SLPS_253.40 Missing Parts Side B: The Tantei Stories
SLPM_663.81 Mitsu x Mitsu Drops: Love x Love Honey Life
SLPM_661.15 Mizu no Senritsu
SLPM_665.31 Mizu no Senritsu 2: Hi no Kioku (Genteiban)
SLPM_651.36 Natsu-iro no Sunadokei
SLPM_552.67 Natsuzora no Monologue (Genteiban)
SLPS_253.77 The Nightmare of Druaga: Fushigi no Dungeon
SLPS_255.74 Pachi Para 12: Ooumi to Natsu no Omoide
SLPS_256.82 Pachi Para 13: Super Umi to Pachi Pro Fuuunroku
SLPS_257.87 Pachi Para 14: Kaze to Kumo to Super Umi in Okinawa
SLPS_201.86 Pachinko de Asobou! Fever Dodeka Saurus
SLPS_201.51 Pachi-Slot Aruze Oukoku 6
SLPS_202.20 Pachi-Slot Aruze Oukoku 7 (Disc 1) (Ekishou Disc)
SLPS_204.27 Pachi-Slot Club Collection: Pachi-Slot da yo Koumon-chama
SLPM_626.25 Pachi-Slot Kanzen Kouryaku: Onihama Bakusou Gurentai: Gekitou-hen
SLPM_627.39 Pachi-Slot Kanzen Kouryaku: Slot Genjin, Onihama Bakusou Gurentai: Gekitou-hen
SLPM_627.19 Pachi-Slot Nobunaga no Yabou: Tenka Sousei
SLPM_624.82 Pachi-Slot Toukon Denshou: Inoki Matsuri
SLPS_203.66 Pachitte Chonmage Tatsujin 5: CR Kamen Rider
SLPS_203.97 Pachitte Chonmage Tatsujin 7: CR Pachinko Dokaben
SLPS_256.65 Pachitte Chonmage Tatsujin 10: Pachinko Fuyu no Sonata
SLPS_257.76 Pachitte Chonmage Tatsujin 12: Pachinko Ultraman
SLPS_258.28 Pachitte Chonmage Tatsujin 13: Pachinko Hissatsu Shigotonin III
SLPS_258.53 Pachitte Chonmage Tatsujin 14: Pachinko Kamen Rider: Shocker Zenmetsu Daisakusen
SLPM_668.17 Palais de Reine
SLPM_552.69 Pandora: Kimi no Namae o Boku wa Shiru
SLPS_251.48 Panel Quiz Attack 25
SLPM_656.39 Patissier na Nyanko: Hatsukoi wa Ichigo Aji (Shokai Genteiban)
SLPM_622.98 Petit Copter
SLPM_669.45 Petit Four
SLPM_667.41 Phase of Combat: Sentou Kokka Kai Legend
SLPS_252.22 Pia Carrot e Youkoso!! 3: Round Summer
SLPS_200.77 Pilot ni Narou! 2
SLPM_656.11 Pizzicato Polka: Ensa Gen'ya
SLPS_203.23 Pochi to Nyaa
SLPS_258.54 Poison Pink
SLPM_622.36 Power Smash 2
SLPM_651.67 Pride
SLPS_203.12 Primopuel: Oshaberi Heartner
SLPS_256.30 Pro Yakyuu: Netsusta 2006
SLPS_202.96 Pro Yakyuu Simulation Dugout '03: The Turning Point
SLPM_669.70 Pro Yakyuu Spirits 5
SLPM_657.21 Pro Yakyuu Spirits 2004 Climax
SLPM_658.53 Pro Yakyuu Team o Tsukurou! 3
SLPM_668.14 Pure x Cure Recovery
SLPM_655.33 Pyuu to Fuku! Jaguar: Ashita no Jump (Shokai Genteiban)
SLPM_667.57 Que: Ancient Leaf no Yousei
SLPM_667.34 Quilt: Anata to Tsumugu Yume to Koi no Dress (Shokai Genteiban)
SLPM_624.24 Quiz & Variety: Suku Suku Inufuku
SLPM_660.43 Racing Game: Chuui!!!!
SLPS_203.07 Rakushou! Pachi-Slot Sengen
SLPS_204.04 Rakushou! Pachi-Slot Sengen 2: Juujika, Deka Dan
SLPS_204.19 Rakushou! Pachi-Slot Sengen 3: Rio de Carnival, Juujika 600-shiki
SLPS_255.11 Rasetsu: Alternative
SLPS_200.72 Real Robot Regiment
SLPM_551.04 Real Rode
SLPS_203.05 Real Sports Pro Yakyuu
SLPS_250.94 Reavel Fantasia: Mariel to Yousei Monogatari
SLPM_655.42 Reishiki Kanjou Sentouki
SLPM_626.80 Rilakkuma: Ojama shite masu 2-shuukan
SLPM_623.40 Ripuru no Tamago: Apprentice Magician
SLPM_663.57 Rozen Maiden: Duellwalzer
SLPM_667.12 Rozen Maiden: Gebetgarten
SLPS_201.43 RPG Tkool 5
SLPM_665.35 Ryu-Koku
SCPS_110.05 Sagashi ni Ikou yo
SLPS_203.65 Saikyou Ginsei Shougi 4
SLPS_258.07 Saint Beast: Rasen no Shou (Genteiban)
SCPS_150.52 Saints: Seinaru Mamono
SLPS_250.81 Saishuu Densha
SLPM_668.09 Saishuu Shiken Kujira: Alive
SLPS_203.91 Saiyuuki Reload Gunlock
SLPM_651.09 Saka Tsuku 2002: J.League Pro Soccer Club o Tsukurou!
SLPM_624.17 Sakigake!! Cromartie Koukou: Kore wa Hyotto Shite Game Nano ka!? Hen
SLPS_202.60 Sakigake!! Cromartie Koukou
SLPS_204.36 Sakigake!! Otokojuku
SLPS_201.78 Samurai
SLPM_620.10 Sangokushi VII
SLPM_621.31 Sangokushi VIII
SLPM_658.91 Sangokushi X
SLPS_202.03 Sanyo Pachinko Paradise 7: Edokko Gen-san
SLPS_202.61 Sanyo Pachinko Paradise 8: Shin Umi Monogatari
SLPS_252.49 Sanyo Pachinko Paradise 9: Shin Umi Okawari!
SLPS_203.75 Sanyo Pachinko Paradise 10: Gen-san Okaeri!
SLPS_254.55 Sanyo Pachinko Paradise 11: Shin Umi to Saraba Gintama no Ookami
SCPS_150.01 Scandal
SLPM_552.66 Scared Rider Xechs
SLPS_255.40 School Rumble: Neru Musume wa Sodatsu.
SLPS_255.31 SD Gundam: GGeneration Seed
SLPS_258.32 SD Gundam: GGeneration Spirits: G-Spirits
SLPM_666.85 Seaman 2: Pekin Genjin Ikusei Kit
SLES_027.67 Frontschweine
SLES_022.40 Tomb Raider IV: The Last Revelation
SLPS_203.67 Curry House CoCo Ichiban'ya: Kyou mo Genki da! Curry ga Umai!!
SLPS_200.91 Gekisha Boy 2: Tokudane Taikoku Nippon
SLPM_624.04 Hudson Selection Vol. 1: Cubic Lode Runner
SLPM_653.45 Simple 2000 Series Ultimate Vol. 9: Bakusou! Manhattan: Runabout 3: Neo Age
SLPS_201.00 Tetsu One: Densha de Battle!
SLES_555.44 Guitar Hero: Greatest Hits
SLPM_652.34 Bakusou Dekotora Densetsu: Otoko Hanamichi Yume Roman
SLPS_254.74 Beck: The Game
SLPM_627.24 The Conveni 4: Ano Machi o Dokusen seyo
SLPM_620.62 Gitaroo Man One
SLPM_665.75 GuitarFreaks V2 & DrumMania V2
SLPS_202.29 Hissatsu Pachinko Station V5: PinkLady
SLPM_620.78 The Maestromusic II
SLPM_621.80 Simple 2000 Honkaku Shikou Series Vol. 1: The Shougi: Morita Kazurou no Shougi Shinan
SLPM_621.79 Simple 2000 Honkaku Shikou Series Vol. 2: The Igo
SLPM_621.74 Simple 2000 Honkaku Shikou Series Vol. 3: The Chess
SLPM_621.98 Simple 2000 Honkaku Shikou Series Vol. 4: The Mahjong
SLPM_623.97 Simple 2000 Honkaku Shikou Series Vol. 5: The Kiryoku Kentei: Tanoshiku Manaberu Igo Nyuumon
SLPM_623.96 Simple 2000 Honkaku Shikou Series Vol. 6: The Card: Blackjack, Daifugou, Draw Poker, Speed, Page One, etc.
SLPM_622.49 Simple 2000 Series: Hello Kitty Vol. 1: Starlight Puzzle: Isogashi Cube Dossun Fuwawa
SLPM_622.50 Simple 2000 Series: Hello Kitty Vol. 2: Minna de Sugoroku: Fushigi na Sekai no Nakayoshi Sugoroku
SLPM_651.07 Simple 2000 Series Ultimate Vol. 2: Edit Racing
SLPM_622.24 Simple 2000 Series Ultimate Vol. 3: Saisoku! Zokusha King: Butchigiri Densetsu
SLPM_622.33 Simple 2000 Series Ultimate Vol. 4: Urawaza Ikasa Mahjonggai: Nii-san, Tsukanjimatta You da ne
SLPM_622.48 Simple 2000 Series Ultimate Vol. 5: Love * Mahjong!
SLPM_622.96 Simple 2000 Series Ultimate Vol. 6: Love * Upper!
SLPM_623.14 Simple 2000 Series Ultimate Vol. 7: Saikyou! Shirobai King: Security Police
SLPM_623.24 Simple 2000 Series Ultimate Vol. 8: Gekitou! Meiro King
SLPM_653.52 Simple 2000 Series Ultimate Vol. 10: Love * Songs: Idol ga Classmate
SLPM_653.50 Simple 2000 Series Ultimate Vol. 11: Wandaba Style: Totsugeki! Mix Live Juice
SLPM_623.99 Simple 2000 Series Ultimate Vol. 13: Kyousou! Tansha King: Kattobi! Bari Bari Densetsu
SLPM_624.31 Simple 2000 Series Ultimate Vol. 14: Touhai! Dramatic Mahjong: Ten: Tenhoo Doori no Kaidanji
SLPM_624.29 Simple 2000 Series Ultimate Vol. 15: Love * Ping Pong!
SLPM_624.59 Simple 2000 Series Ultimate Vol. 16: Sengoku VS Gendai
SLPM_624.68 Simple 2000 Series Ultimate Vol. 17: Taisen! Bakudan Poi Poi
SLPM_624.67 Simple 2000 Series Ultimate Vol. 18: Love * Aerobi
SLPM_625.44 Simple 2000 Series Ultimate Vol. 19: Akagi: Yami ni Oritatta Tensai
SLPM_625.42 Simple 2000 Series Ultimate Vol. 20: Love * Mahjong! 2
SLPM_625.58 Simple 2000 Series Ultimate Vol. 21: Kenka Joutou! Yankee Banchou: Shouwa 99-nen no Densetsu
SLPM_626.16 Simple 2000 Series Ultimate Vol. 25: Chou Saisoku! Zokusha King Bore Up no Bore Up: Butchigiri Densetsu 2 Kai
SLPS_204.45 Simple 2000 Series Ultimate Vol. 28: Tousou! Kenka Grand Prix: Drive to Survive
SLPS_204.52 Simple 2000 Series Ultimate Vol. 30: Kourin! Zokusha God: Butchigiri I Love You
SLPM_660.77 Simple 2000 Series Ultimate Vol. 31: K-1 World Max 2005: Sekai Ouja e no Michi
SLPM_660.28 Simple 2000 Series Ultimate Vol. 33: Ururun Quest: Koiyuuki
SLPM_620.65 Simple 2000 Series Vol. 1: The Table Game
SLPM_620.94 Simple 2000 Series Vol. 2: The Party Game
SLPM_621.50 Simple 2000 Series Vol. 3: The Bass Fishing
SLPM_621.71 Simple 2000 Series Vol. 5: The Block Kuzushi Hyper
SLPM_621.96 Simple 2000 Series Vol. 6: The Snowboard
SLPM_621.97 Simple 2000 Series Vol. 7: The Boxing: Real Fist Fighter
SLPM_622.07 Simple 2000 Series Vol. 9: The Ren'ai Adventure: Bittersweet Fools
SLPM_622.18 Simple 2000 Series Vol. 10: The Table Game Sekai-hen: Chess, Backgammon, Diamond, Gunjin Shougi, etc.
SLPM_622.23 Simple 2000 Series Vol. 11: The Off-Road Buggy
SLPM_622.31 Simple 2000 Series Vol. 12: The Quiz 20,000-mon
SLPM_622.34 Simple 2000 Series Vol. 13: Onna no Ko no Tame no: The Ren'ai Adventure: Garasu no Mori
SLPM_622.32 Simple 2000 Series Vol. 15: The Rugby
SLPM_622.53 Simple 2000 Series Vol. 16: The Sniper 2: Akumu no Juudan
SLPM_622.52 Simple 2000 Series Vol. 17: The Suiri: Arata naru 20 no Jikenbo
SLPM_622.72 Simple 2000 Series Vol. 18: The Party Sugoroku
SLPM_622.70 Simple 2000 Series Vol. 19: The Ren'ai Simulation: Watashi ni Oma-Cafe
SLPM_622.71 Simple 2000 Series Vol. 20: The Dungeon RPG: Shinobi: Mamono no Sumu Shiro
SLPM_622.94 Simple 2000 Series Vol. 21: The Bishoujo Simulation RPG: Moonlight Tale
SLPM_622.95 Simple 2000 Series Vol. 22: The Tsuukin Densha Untenshi: Densha de Go! 3: Tsuukin-hen
SLPM_623.13 Simple 2000 Series Vol. 23: The Puzzle Collection 2,000-mon
SLPM_623.08 Simple 2000 Series Vol. 24: The Bowling Hyper
SLPM_623.09 Simple 2000 Series Vol. 25: The Menkyo Shutoku Simulation
SLPM_623.28 Simple 2000 Series Vol. 27: The Pro Yakyuu: 2003 Pennant Race
SLPM_623.35 Simple 2000 Series Vol. 28: The Bushidou: Tsujigiri Ichidai
SLPM_623.34 Simple 2000 Series Vol. 29: The Ren'ai Board Game: Seishun 18 Radio
SLPM_623.37 Simple 2000 Series Vol. 30: The Street Basketball: 3 on 3
SLPM_623.44 Simple 2000 Series Vol. 31: The Chikyuu Boueigun
SLPM_623.45 Simple 2000 Series Vol. 32: The Sensha
SLPM_623.53 Simple 2000 Series Vol. 33: The Jet Coaster: Yuuenchi o Tsukurou!
SLPM_623.43 Simple 2000 Series Vol. 34: The Ren'ai Horror Adventure: Hyouryuu Shoujo
SLPM_623.75 Simple 2000 Series Vol. 36: The Musume Ikusei Simulation: Otousan to Issho
SLPM_623.95 Simple 2000 Series Vol. 37: The Shooting: Double Shienryuu
SLPM_653.93 Simple 2000 Series Vol. 38: Otoko no Tame no Bible: The Yuujou Adventure: Hotaru Soul
SLPM_623.98 Simple 2000 Series Vol. 39: The Boku no Machi-zukuri: Matching Maker++
SLPM_623.52 Simple 2000 Series Vol. 40: The Touyou Sandai Senjutsu: Fuusui, Seimei Handan, Ekisen
SLPM_624.12 Simple 2000 Series Vol. 41: The Volleyball
SLPM_624.26 Simple 2000 Series Vol. 42: The Ishu Kakutougi
SLPM_624.30 Simple 2000 Series Vol. 43: The Saiban: Shinmai Shihoukan Momota Tsukasa no 10 no Saiban File
SLPM_623.36 Simple 2000 Series Vol. 44: The Hajimete no RPG: Densetsu no Keishousha
SLPM_654.14 Simple 2000 Series Vol. 45: The Koi to Namida to, Tsuioku to... Thread Colors: Sayonara no Mukougawa
SLPM_624.74 Simple 2000 Series Vol. 46: The Kanji Quiz: Challenge! Kanji Kentei
SLPM_624.77 Simple 2000 Series Vol. 47: The Kassen Sekigahara
SLPM_624.83 Simple 2000 Series Vol. 48: The Taxi: Untenshu wa Kimi da
SLPM_624.85 Simple 2000 Series Vol. 49: The Dodgeball: World Champion Dodge Baller
SLPM_624.97 Simple 2000 Series Vol. 51: The Senkan
SLPM_624.96 Simple 2000 Series Vol. 52: The Chikyuu Shinryakugun: Space Raiders
SLPM_624.95 Simple 2000 Series Vol. 53: The Camera Kozou
SLPM_624.93 Simple 2000 Series Vol. 54: The Daikaijuu
SLPM_624.94 Simple 2000 Series Vol. 55: The Catfight: Meneko Densetsu
SLPM_625.04 Simple 2000 Series Vol. 56: The Survival Game
SLPM_625.08 Simple 2000 Series Vol. 57: The Pro Yakyuu 2004
SLPM_625.09 Simple 2000 Series Vol. 58: The Gekai
SLPM_625.10 Simple 2000 Series Vol. 60: The Tokusatsu Henshin Hero
SLPM_625.25 Simple 2000 Series Vol. 61: The OneeChambara
SLPM_625.34 Simple 2000 Series Vol. 63: Mogitate Mizugi! Onna Mamire no: The Suiei Taikai
SLPM_625.45 Simple 2000 Series Vol. 64: The Splatter Action
SLPM_625.43 Simple 2000 Series Vol. 65: The Kyonshii Panic
SLPM_625.56 Simple 2000 Series Vol. 66: The Party Unou Quiz
SLPM_625.57 Simple 2000 Series Vol. 67: The Suiri: Soshite Dare mo Inaku Natta
SLPM_625.64 Simple 2000 Series Vol. 68: The Tousou Highway: Nagoya-Tokyo
SLPM_625.80 Simple 2000 Series Vol. 69: The Board Game Collection
SLPM_625.86 Simple 2000 Series Vol. 70: The Kanshikikan
SLPM_658.74 Simple 2000 Series Vol. 71: The Fantasy Ren'ai Adventure: Kanojo no Densetsu, Boku no Sekiban
SLPM_625.89 Simple 2000 Series Vol. 72: The Ninkyou
SLPM_625.79 Simple 2000 Series Vol. 74: Onna no Ko Sen'you: The Oujisama to Romance: Ripuru no Tamago
SLPM_626.00 Simple 2000 Series Vol. 75: The Tokudane: Nihon Zenkoku Scoop Rettou
SLPM_626.05 Simple 2000 Series Vol. 77: The Hanasou Hangul no Tabi
SLPM_626.18 Simple 2000 Series Vol. 78: The Uchuu Daisensou
SLPS_204.39 Simple 2000 Series Vol. 79: Akko ni Omakase! The Party Quiz
SLPM_626.50 Simple 2000 Series Vol. 82: The Kung Fu
SLPM_626.51 Simple 2000 Series Vol. 83: The Konchuu Saishuu
SLPM_653.81 Simple 2000 Series Vol. 84: The Boku ni Oma-Cafe: Kimagure Strawberry Cafe
SLPM_626.49 Simple 2000 Series Vol. 85: The Sekai Meisaku Gekijou Quiz
SLPS_204.31 Simple 2000 Series Vol. 86: The Menkyo Shutoku Simulation: Kaisei Douro Koutsuuhou Taiou-ban
SLPS_204.41 Simple 2000 Series Vol. 87: The Nadeshiko
SLPS_204.46 Simple 2000 Series Vol. 89: The Party Game 2
SLPS_204.44 Simple 2000 Series Vol. 90: The OneeChambara 2
SLPS_204.30 Simple 2000 Series Vol. 91: The All Star Kakutousai
SLPS_255.81 Simple 2000 Series Vol. 92: The Noroi no Game
SLPS_204.54 Simple 2000 Series Vol. 93: The Unou Drill: Kodama Mitsuo Sensei Kanshuu
SLPS_204.55 Simple 2000 Series Vol. 94: The Aka-Champion: Come on Baby
SLPS_204.56 Simple 2000 Series Vol. 95: The Zombie vs. Kyuukyuusha
SLPS_204.58 Simple 2000 Series Vol. 96: The Kaizoku: Gaikotsu Ippai-rates!
SLPM_656.53 Simple 2000 Series Vol. 97: The Koi no Engine: Darling Special Backlash: Koi no Exhaust Heat
SLPM_657.37 Simple 2000 Series Vol. 98: The Roman Sabou: Meshimase Roman Sabou
SLPS_204.61 Simple 2000 Series Vol. 99: The Genshijin
SLPS_204.65 Simple 2000 Series Vol. 100: The Otoko-tachi no Kijuu Houza
SLPS_204.67 Simple 2000 Series Vol. 102: The Hohei: Senjou no Inu-tachi
SLPS_204.70 Simple 2000 Series Vol. 103: The Chikyuu Boueigun Tactics
SLPS_204.73 Simple 2000 Series Vol. 104: The Robot Tsukurou ze! Gekitou! Robot Fight
SLPS_204.68 Simple 2000 Series Vol. 106: The Block Kuzushi Quest: Dragon Kingdom
SLPS_204.74 Simple 2000 Series Vol. 107: The Honoo no Kakutou Banchou
SLPS_204.76 Simple 2000 Series Vol. 108: The Nihon Tokushu Butai: Kyouaku Hanzai Rettou 24-ji
SLPS_204.78 Simple 2000 Series Vol. 109: The Taxi 2: Untenshu wa Yappari Kimi da!
SLPS_204.80 Simple 2000 Series Vol. 110: The Toubou Prisoner: Los City Shinjitsu e no 10-jikan
SLPS_257.03 Simple 2000 Series Vol. 111: The Itadaki Rider: Omae no Bike wa Ore no Mono / Jacked
SLPS_204.81 Simple 2000 Series Vol. 112: The Tousou Highway 2: Road Warrior 2050
SLPS_204.92 Simple 2000 Series Vol. 115: The Roomshare toyuu Seikatsu.
SLPS_204.93 Simple 2000 Series Vol. 116: The Neko-mura no Hitobito: Pug Daikan no Akugyou Zanmai
SLPS_204.94 Simple 2000 Series Vol. 117: The Reisen
SLPS_204.91 Simple 2000 Series Vol. 118: The Ochimusha: Doemu Samurai Toujou
SLPS_204.97 Simple 2000 Series Vol. 119: The Survival Game 2
SLPS_205.00 Simple 2000 Series Vol. 120: The Saigo no Nihonhei: Utsukushiki Kokudo Dakkan Sakusen
SLPS_205.03 Simple 2000 Series Vol. 121: The Boku no Machi-zukuri 2: Matching Maker 2.1
SLPS_256.96 Simple 2000 Series Vol. 122: Onna no Ko Sen'you: The Ningyo-hime Monogatari: Mermaid Prism
SLPS_257.23 Simple 2000 Series Vol. 123: The Office Love Jikenbo: Reijou Tantei
SLPS_200.18 Stepping Selection (Disc 1)
SLPS_200.19 Stepping Selection (Disc 2)
SLPM_861.27 Beat Mania (Disc 2) (Append)
SLPM_865.92 Pop'n Music: Animation Melody
SLPM_862.94 Pop'n Music 2
SLPM_866.49 Pop'n Music 4: Append Disc
SLPM_869.37 Pop'n Music 5
SLES_537.72 Air Raid 3
SLES_520.63 Alarm for Cobra 11
SLES_534.85 Car Racing Challenge
SLES_508.43 Crashed
SLES_514.82 Downtown Run
SLES_536.39 Ford Street Racing
SLES_524.03 Formula Challenge
SLES_520.58 Grooverider
SLES_520.45 GT-R 400
SLES_544.40 GT-R Touring
SLES_509.06 Master Rallye
SLES_545.45 Maxxed Out Racing Nitro
SLES_539.58 Noble Racing
SLES_550.32 Off Road
SLES_548.04 Operation Air Assault 2
SLES_501.55 Operation WinBack
SLES_516.33 Racing Simulation 3
SLES_539.20 Speed Machines 3
SLES_513.77 Taxi 3
SLES_534.02 Taxi Rider
SLES_507.23 TOCA Race Driver
SLES_519.80 TT Superbikes
SLES_509.39 US Racer
SLED_025.19 Play Fun 01/00
SLED_023.09 Play Fun 02/00
SLED_025.93 Play Fun 3/00
SLED_025.94 Play Fun 04/00
SLED_020.65 Play Fun 06/99
SLED_021.10 Play Fun 07/99
SLED_021.55 Play Fun 8/99
SLED_021.88 Play Fun 09/99
SLED_022.91 Play Fun 10/99
SLED_023.11 Play Fun 11/99
SLED_024.14 Play Fun 12/99
SLED_027.21 Play Zone Vol. 18
SLED_028.32 Play Zone Vol. 19
SLED_028.80 Play Zone Vol. 20
SLED_029.87 Play Zone Vol. 21
SLED_030.49 Play Zone Vol. 22
SLED_031.06 Play Zone Vol. 23
SLED_032.55 Play Zone Vol. 25
SLED_016.33 PlayStation Zone CD Vol. 1
SLED_017.24 PlayStation Zone CD Vol. 2
SLED_017.73 PlayStation Zone CD Vol. 3
SLED_017.83 PlayStation Zone CD Vol. 4
SLED_018.98 PlayStation Zone CD Vol. 5
SLED_019.68 PlayStation Zone CD Vol. 6
SLED_020.42 PlayStation Zone CD Vol. 7
SLED_020.78 PlayStation Zone CD Vol. 8
SLED_021.90 PlayStation Zone CD Vol. 10
SLED_022.75 PlayStation Zone CD Vol. 11
SLED_023.12 PlayStation Zone CD Vol. 12
SLED_023.81 PlayStation Zone CD Vol. 13
SLED_025.18 PlayStation Zone CD Vol. 15
SLED_025.92 PlayStation Zone CD Vol. 16
SLED_026.83 PlayStation Zone CD Vol. 17
SLES_029.41 Dancing Stage: Euromix
SLPM_660.73 Hagane no Renkinjutsushi 3: Kami o Tsugu Shoujo
SLPS_255.89 Naruto: Narutimate Hero 3
SLPS_257.68 Naruto Shippuuden: Narutimate Accel
SLPM_623.16 SuperLite 2000 Vol. 1: Mahjong
SLPM_623.06 SuperLite 2000 Vol. 2: Shougi
SLPM_623.17 SuperLite 2000 Vol. 3: Igo
SLPM_623.05 SuperLite 2000 Vol. 4: Othello
SLPM_653.53 SuperLite 2000 Vol. 6: Konohana 2: Todokanai Requiem
SLPM_623.70 SuperLite 2000 Vol. 8: Psyvariar: Medium Unit
SLPM_623.88 SuperLite 2000 Vol. 9: NumCro
SLPM_623.71 SuperLite 2000 Vol. 10: Psyvariar: Revision
SLPM_623.89 SuperLite 2000 Vol. 11: Big Bass: Bass Tsuri Kanzen Kouryaku
SLPM_623.87 SuperLite 2000 Vol. 12: Sudoku
SLPM_624.23 SuperLite 2000 Vol. 13: Tetris: Kiwame Michi
SLPM_624.48 SuperLite 2000 Vol. 14: Crossword
SLPM_624.66 SuperLite 2000 Vol. 15: Zooo
SLPM_624.71 SuperLite 2000 Vol. 16: UNO Game
SLPM_621.43 SuperLite 2000 Vol. 17: Hakoniwa Tetsudou: Blue Train Tokkyuu-hen
SLPM_622.85 SuperLite 2000 Vol. 18: Waku Waku Volley 2
SLPM_656.28 SuperLite 2000 Vol. 21: Konohana Pack: 3-tsu no Jikenbo
SLPM_656.64 SuperLite 2000 Vol. 22: Memories Off Duet
SLPM_656.91 SuperLite 2000 Vol. 24: Ever 17: The Out of Infinity: Premium Edition
SLPM_625.48 SuperLite 2000 Vol. 25: Heisei Bakutoden
SLPM_625.39 SuperLite 2000 Vol. 26: Mezase! Chess Champion
SLPM_625.40 SuperLite 2000 Vol. 27: Mezase! Super Hustler
SLPM_625.41 SuperLite 2000 Vol. 28: Mezase! Super Bowler
SLPM_659.28 SuperLite 2000 Vol. 29: Memories Off Mix
SLPM_624.89 SuperLite 2000 Vol. 30: Yoshinoya
SLPM_659.94 SuperLite 2000 Vol. 31: Remember11: The Age of Infinity
SLPM_660.15 SuperLite 2000 Vol. 32: Ai yori Aoshi
SLPM_660.39 SuperLite 2000 Vol. 33: Memories Off: Sorekara
SLPM_661.95 SuperLite 2000 Vol. 35: Monochrome
SLPM_624.42 SuperLite 2000 Vol. 36: Youkoso Hitsuji-mura
SLPM_662.73 SuperLite 2000 Vol. 37: Memories Off: After Rain Vol. 1: Orizuru
SLPM_656.90 SuperLite 2000 Vol. 39: Konohana 4: Yami o Harau Inori
SLPM_662.83 SuperLite 2000 Vol. 40: Memories Off: After Rain Vol. 3: Sotsugyou
SLPM_665.71 SuperLite 2000 Vol. 42: Memories Off #5: Togireta Film
SLPS_203.30 Taiko no Tatsujin: Waku Waku Anime Matsuri
SLPS_204.14 Taiko no Tatsujin: Taiko Drum Master
SLPM_620.51 Yanya! Caballista featuring Gawoo
SCPS_110.10 Yoake no Mariko
SCPS_110.21 Yoake no Mariko 2nd Act
SLES_012.28 Tommi Makinen Rally
SCPS_101.13 PoPoLoCrois Monogatari II (Disc 2)
SCPS_101.14 PoPoLoCrois Monogatari II (Disc 3)
SLES_040.46 Strike Force Hydra
SLPM_669.13 Higurashi no Naku Koro ni: Matsuri: Kakera Asobi
SLES_519.73 War Chess
SLES_002.70 Adidas Power Soccer International '97
SLES_006.13 Lifeforce Tenka
SLES_500.52 Pool Master
SLPM_550.89 Naxat Soft Reach Mania Vol. 1: CR Galaxy Angel (Shokai Genteiban)
SLPM_552.11 Pachi-Slot Higurashi no Naku Koro ni: Matsuri
SLPM_621.14 Crash Bandicoot 4: Sakuretsu! Majin Power
SLES_015.62 Hellnight
SCES_555.35 Desi Adda: Games of India
SLPM_668.20 Jissen Pachinko Hisshouhou! CR Sakura Taisen
SLPS_258.50 KimiKiss
SLPM_627.50 Momotarou Dentetsu 16: Hokkaido Daiidou no Maki!
SLPM_652.35 New Roommania: Porori Seishun
SLPS_259.16 Shinjuku no Ookami
SLPM_680.08 Virtua Fighter: 10th Anniversary Fukkoku-ban
SLPS_256.06 Zettai Zetsumei Toshi 2: Itetsuita Kioku-tachi
SLPM_651.41 Zoku Segare Ijiri: Henchin Tama Segare
SLES_535.92 Zombie Attack
SCPS_150.43 DekaVoice
SLPM_620.03 Mahjong Taikai III: Millennium League
SLES_533.67 Dodgeball
SLES_515.54 Cel Damage Overdrive
SLES_515.23 Conflict: Desert Storm II
SLPS_258.15 Dragon Ball Z: Sparking! Meteor
SLPS_002.37 Champion Wrestler: Jikkyou Live
SLPS_010.21 Daikoukai Jidai Gaiden
SLPS_031.91 Forget Me Not: Palette
SLPS_020.75 GaiaMaster: Kamigami no Board Game
SLPM_872.86 GeGeGe no Kitarou: Gyakushuu! Youma Daikessen
SLPS_013.46 Gekisou!! Grand Racing: Total Drivin'
SLPM_861.75 Genghis Khan: Aoki Ookami to Shiroki Mejika IV
SLPS_028.22 Happy Salvage: Otakara Disc
SLPS_031.21 Komotchi
SLPS_008.80 Mad Panic Coaster
SLPS_002.28 Private Collection: Policenauts
PBPX_955.07 Linux (for PlayStation 2) Release 1.0 (Disc 1) (Runtime Environment)
SCES_003.94 Rapid Racer
SLPM_655.13 Angel's Feather
SLPM_653.61 Anubis: Zone of the Enders: Special Edition (Shokai Genteiban)
SLPS_256.04 Ar tonelico: Sekai no Owari de Utai Tsuzukeru Shoujo
SLPM_651.96 Breath of Fire V: Dragon Quarter
SLPS_252.23 Canvas: Sepia-iro no Motif
SLPM_662.64 Canvas 2: Nijiiro no Sketch (DX Pack)
SLPM_655.26 Dororo
SLPM_652.66 Drag-on Dragoon
SLPM_659.99 Drag-on Dragoon 2: Fuuin no Aka, Haitoku no Kuro
PBPX_952.06 DVD Player Version 2.01
SLPM_552.40 ef: A Fairy Tale of the Two. (Shokai Gentei)
SLPM_663.38 Eve: New Generation
SLPS_251.38 Ever 17: The Out of Infinity (Shokai Genteiban)
SLPM_653.73 Garasu no Bara
SLPM_662.86 Gensou Suikoden V
SLPM_650.73 Gensou Suikoden III (Shokai Genteiban)
SLPM_656.00 Gensou Suikoden IV (Shokai Seisanban)
SLPM_667.53 Getsumento Heiki Mina: Futatsu no Project M (Genteiban)
SLPM_670.13 God of War II: Shuuen e no Jokyoku
SLPM_669.21 H2O+: Footprints in the Sand (DX Pack)
SLPM_661.92 Izumo 2: Takeki Tsurugi no Senki
SLPM_669.08 Izumo 2: Gakuen Kyousoukyoku Double Tact
SLPM_552.13 Jigoku Shoujo Mioyosuga (Gentei)
SLPM_664.52 Kamaitachi no Yoru X3: Mikazuki-jima Jiken no Shinsou
SLPM_653.42 Kyoufu Shinbun Heisei-ban: Kaiki! Shinrei File
SLPM_656.10 Memories Off: Sorekara
SLPM_658.57 Memories Off: After Rain Vol. 1: Orizuru (Special Edition)
SLPM_663.52 Memories Off: Sorekara Again (Genteiban)
SLPM_661.46 Memories Off #5: Togireta Film (Shokai Genteiban)
SLPM_667.91 Memories Off #5 Encore
SLPM_551.97 Memories Off 6: Next Relation (Limited Edition)
SLPM_669.88 Memories Off 6: T-Wave (Limited Edition)
SLPS_252.26 Memories Off Duet: 1st & 2nd Stories
SLPS_252.78 Memories Off Mix
SLPM_667.95 Metal Gear & Metal Gear 2: Solid Snake
SLPS_251.92 My Merry May (Shokai Genteiban)
SLPM_660.45 My Merry May with Be
SLPS_252.38 My Merry Maybe
SLPM_551.63 Myself; Yourself: Sorezore no Finale (Shokai Genteiban)
SLPM_668.91 Myself; Yourself (Shokai Genteiban)
SLPM_664.45 Persona 3
SLPM_666.63 Phantasy Star Universe: Illuminus no Yabou
SLPM_652.03 Phantom: Phantom of Inferno (Shokai Genteiban)
SLPM_664.72 Planetarian: Chiisa na Hoshi no Yume
SCPS_150.66 Prince of Persia: Jikan no Suna
SLPM_663.91 Prince of Persia: Futatsu no Tamashii
SCPS_151.20 Ratchet & Clank 5: Gekitotsu! Dodeka Ginga no Miri Miri Gundan
SLPM_655.49 Remember11: The Age of Infinity (Shokai Genteiban)
SLPM_661.05 Rhapsodia
SLPM_665.34 Ryu-Koku (Genteiban)
SLPM_670.09 Sakura Taisen V: Saraba Itoshiki Hito yo
SLPS_732.14 Shadow Hearts II: Director's Cut (Disc 2)
SCPS_150.12 Surveillance: Kanshisha
SLPS_254.11 ToHeart 2 (Gentei)
SLPM_666.11 Tomoyo After: It's a Wonderful Life: CS Edition
SLPS_256.78 Utawareru Mono: Chiri Yuku Mono e no Komori-uta (Shokai Genteiban)
SCPS_150.97 Wander to Kyozou
SCPS_150.24 Wild Arms: Advanced 3rd
SCPS_150.91 Wild Arms: The 4th Detonator (Shokai Seisanban)
SLPS_290.05 Xenosaga Episode I Reloaded: Der Wille zur Macht
SLPS_253.75 XIII: Daitouryou o Koroshita Otoko
SLPM_669.28 Your Memories Off: Girl's Style
SLPM_658.30 Ys: The Ark of Napishtim (Shokai Seisanban)
SLPS_252.05 Ys I & II: Eternal Story (Tokubetsu Genteiban)
SCPM_853.01 Gran Turismo Concept: Copen Special Edition (Taikenban)
SLPS_256.76 Kinnikuman: Muscle Grand Prix Max
SCKA_200.56 LuluRara Noraebang Vol. 1
SCKA_200.72 LuluRara Noraebang Vol. 2
SLPM_661.56 MAR Heaven: ARM Fight Dream
SLKA_350.03 Sakura Daejeon: Tteugeoun Yeoljeongeuro
SLKA_252.84 Sakura Daejeon 3: Paris-neun Bultago Issneunga
SLKA_350.04 Sakura Daejeon V: Annyeong Sarangseureon Geudaeyeo
SLKA_252.07 Sakura Daejeon V Episode 0: Hwangya-ui Samurai Agassi
SLPS_257.62 Metal Slug Complete
SLPM_670.07 Train Simulator: Keisei, Toei Asakusa, Keikyuusen
SCES_009.82 Baby Universe
SCES_009.85 Fluid
SLPM_661.09 Code Age Commanders: Tsugumono Tsugarerumono
SLES_505.84 G1 Jockey
SLES_522.40 International Pool Championship
SLES_519.96 International Snooker Championship
SLPM_660.61 Jikkyou Powerful Pro Yakyuu 12
SLPM_650.76 Kidou Senshi Gundam: Renpou vs. Zeon DX
SLPS_251.51 Medal of Honor: Shijou Saidai no Sakusen
SLPM_652.48 Shin Sangoku Musou 3
SLPS_202.15 Jissen Pachi-Slot Hisshouhou! Aladdin A
SLPM_623.10 Soutenryuu: The Arcade
SCPS_110.07 Tsugunai
SLPS_202.89 Yamasa Digi World SP: Umi Ichiban R
SCES_524.05 DJ: Decks & FX: House Edition
PAPX_900.51 Neon Genesis Evangelion: Original Screen Saver
SLPS_250.20 Kidou Senshi Gundam
SLES_519.34 Curse: The Eye of Isis
SLPM_804.53 Ace Combat 3: Electrosphere: Direct Audio with AppenDisc
SLKA_250.41 Armored Core 3: Silent Line
SLKA_250.91 Bansuk Yeongung vs. 3D
SLKA_251.00 Breath of Fire V: Dragon Quarter
SCKA_200.51 Degul Degul Jjondeuk Jjondeuk: Goehon
SLKA_253.01 Digital Devil Saga 2: Avatar Tuner
SCKA_200.57 Everybody's Golf 4
SLKA_253.61 Gaeguri Jungsa Keroro: Bulkkottwineun Battle Royale Z
SLKA_251.32 Gidong Jeonsa Gundam: Haehu-ui Uju
SCKA_300.02 God of War: Yeonghonui Banyeokja
SCKA_200.25 Goehon: Gulryeora! Wangjanim!
SCKA_200.27 Gonggak Gidongdae: Stand Alone Complex
SLPM_675.29 Gun Survivor 3: Dino Crisis
SCKA_200.26 Gungrave O.D.
SLKA_251.71 Guwon
SLPM_675.18 Gwimuja 2
SLKA_250.93 Gwimuja 3
SLPM_675.14 Gyeoljeon
SLKA_251.82 Hajime-ui Ilbo 2: Victorious Road
SLKA_250.48 Magye Jeongi Disgaea
SLKA_252.55 Mobile Suit Gundam Seed: Kkeunnaji Anneun Naeillo
SLKA_251.23 Mononoke Imullok
SLKA_254.43 Mussang Orochi: Mawang Jaerim
SLKA_253.13 Naruto: Uzumaki Injeon
SLKA_253.66 Naruto: Konoha Spirits!!
SLKA_250.88 Samgukji Jeongi 2
SLKA_251.70 SD Gundam: GGeneration Seed
SLKA_251.25 SNK VS CAPCOM [SLKA25125]
SCKA_200.90 갓핸드 [SCKA20090]
SLKA_250.38 건 서바이버 4 - 바이오하자드 히어로즈 네버 다이 [SLKA25038]
SLKA_250.33 그레고리 호러쇼 [SLKA25033]
SLKA_253.03 더 매트릭스 - 패스 오브 네오 [SLKA25303] 
SLKA_252.52 데몬 스톤 [SLKA25252]
SLKA_252.25 도로로 [SLKA25225]
SCKA_201.20 라쳇 & 클랭크 - 공구들고 바캉스 [SCKA20120]
SLKA_252.22 록맨 X8 [SLKA25222]
SLKA_252.43 메달 오브 아너 - 유러피안 어썰트 [SLKA25243]
SLKA_252.19 몬스터 헌터 G [SLKA25219]
SLKA_252.13 베르세르크 [SLKA25213]
SCKA_200.62 삐뽀 사루 겟 츄 3 [SCKA20062]
SLKA_251.31 수왕기 [SLKA25131]
SLKA_251.52 시작의 일보 - 올 스타즈 [SLKA25152]
SLES_546.20 Snow White & the 7 Clever Boys
SLPS_200.59 Hresvelgr: International Edition
SLPS_256.21 Kashimashi: Girl Meets Girl: Hajimete no Natsu Monogatari. (Genteiban)
SLPS_205.02 Zero no Tsukaima: Fantasy Force
SLPS_205.07 Zero no Tsukaima: Fantasy Force 2nd Impact
SLES_502.33 Army Men: Air Attack: Blade's Revenge
SLES_548.40 Avatar: The Legend of Aang: The Burning Earth
SLES_545.21 SpongeBob and Friends: Battle for Volcano Island
SLES_549.91 SpongeBob and Friends: Attack of the Toybots
SLPM_650.47 Capcom vs. SNK 2: Millionaire Fighting 2001
SLPM_624.90 Dragon Quest VIII Premium Eizou Disc
SLPS_256.48 Hisshou Pachinko Pachi-Slot Kouryaku Series Vol. 5: CR Shin Seiki Evangelion 2nd Impact & Pachi-Slot Shin Seiki Evangelion
PCPX_966.09 Gran Turismo 3: A-Spec: Tentou Shiyuu Disc Vol. 2
SLPS_201.23 Initial D: Takahashi Ryousuke no Typing Saisoku Riron
SCES_538.83 Buzz! Das große Quiz
SCES_544.99 Buzz! Das Mega-Quiz
SCES_542.59 Buzz! Das Sport-Quiz
SCES_553.87 Buzz! Deutschlands Superquiz
SCED_521.47 EyeToy: Christmas Wishi Washi (Demo)
SLES_548.05 Wer wird Millionar: Party Edition
SLPS_200.38 Grappler Baki: Baki Saikyou Retsuden
SLPM_860.29 Tokimeki Memorial Selection: Fujisaki Shiori
SCAJ_201.46 Wang Da Yu Ju Xiang
SLPS_023.07 Fun! Fun! Pingu: Youkoso! Nankyoku e
SLKA_250.52 Air Ranger 2: Rescue Helicopter
SCKA_200.06 Argus-ui Jeonsa
SCPS_560.16 Axel Impact: The Extreme Racing
SLPM_675.36 Bongsin Yeonui 2
SLPM_645.13 Crash Bandicoot: Mawangui Buhwal
SLKA_253.00 Digital Devil Saga: Avatar Tuner
SLPM_645.32 Digital Holmes
SLKA_253.07 Dragon Ball Z Sparking!
SCES_556.49 Cart Kings
SCES_556.62 Chandragupta: Warrior Prince
SLES_526.84 Cyclone Circus
SLES_527.16 The Energy Thieves
SLES_509.03 MegaRace 3: Nanotech Disaster
SLES_533.88 Rhythmic Star!
SLES_549.18 Agent Hugo: Lemoon Twist
SLES_523.71 Animal Soccer World
SLES_534.46 Arcade USA
SLES_543.80 Babe
SLES_518.61 Bowling Xciting
SLES_517.17 Boxing Champions
SLES_537.73 Cartoon Kingdom
SLES_539.22 Carwash Tycoon
SLES_546.72 Casper's Scare School
SLPM_623.60 Chou Aniki: Seinaru Protein Densetsu (Taikenban)
SLES_545.18 Clumsy Shumsy
SLES_545.68 Covert Command
SLES_548.65 Crabby Adventure
SLES_548.14 Dead Eye Jim
SLES_531.42 Doomsday Racers
SLES_541.55 Drag Racer USA
SLES_541.54 D-Unit Drift Racing
SLES_549.55 Finkles World
SLES_546.53 Freak Out: Extreme Freeride
SLES_531.48 Fruit Fall
SLES_548.66 Games Galaxy 2
SLES_548.82 Gecko Blaster
SLES_546.85 Hansel and Gretel
SLES_534.01 Iron Sea
SLES_545.37 K.O. King
SLES_546.69 Lassie
SLES_533.55 Obliterate
SLES_541.24 The Quest for Aladdin's Treasure
SLES_537.48 Quest for Sleeping Beauty
SLES_541.22 Robin Hood 2: The Siege
SLES_541.25 Robin Hood's Quest
SLES_550.76 Saint & Sinner
SLES_540.33 Search & Destroy
SLES_502.61 Sky Surfer
SLES_547.67 Sniper Assault
SLES_540.74 Speedboat GP
SLES_550.55 Stealth Force 2
SLES_546.75 Street Warrior
SLES_548.89 SWAT Siege
SLES_518.55 Tank Elite
SLES_550.82 Urban Constructor
SLES_549.56 Wacky Zoo GP
SLES_525.16 World Fighting
SLES_529.54 WWII: Tank Battles
SLES_536.53 WWII: Battle over Europe
SLES_528.71 Xtreme Speed
SLES_546.95 Azur & Asmar
SLES_517.18 League Series Baseball 2
SLES_532.37 Fire Heroes
SLPM_663.76 KimiSuta: Kimi to Study
SLES_539.72 Stock Car Crash
SLPS_255.87 Sugar² Rune: Koi mo Oshare mo Pick-Up
SLES_518.26 AFL Live 2004
SLES_523.68 AFL Live Premiership Edition
SCES_540.68 AFL Premiership 2006
SLPS_006.47 Samurai Spirits: Kenkaku Shinan Pack
SLPS_008.63 Shin Shikoutei: The First Emperor
SLPS_015.04 Dezaemon Plus Select 100
SLPS_001.17 Emit Value Pack (Disc 1) (Vol. 1: Toki no Maigo)
SLPS_001.18 Emit Value Pack (Disc 2) (Vol. 2: Inochigake no Tabi)
SLPS_001.19 Emit Value Pack (Disc 3) (Vol. 3: Watashi ni Sayonara wo)
SLPS_012.52 Prism Land Story
SLPM_601.43 Tekkouki Mikazuki (Taikenban)
SLPM_623.27 G-Taste Mahjong
SLPM_552.62 J.League Winning Eleven 2010: Club Championship
SLPS_200.27 Aquaqua
SLPM_621.68 Disney Golf Classic
SLPM_625.05 Fukuhara Ai no Takkyuu Itchokusen
SCPS_150.72 Gacha Mecha Stadium: Saru Battle
SLPS_250.27 Golf Paradise DX
SLPM_658.31 Hello Kitty no PikoPiko Daisakusen
SLPM_621.53 Mageru Tsukeru Hashiru: Ore * Dead Heat
SLPM_622.93 Magical Pachinko Cotton: Pachinko Jikki Simulation
SLPS_200.37 Magical Sports GoGoGolf
SLPS_202.80 Mahou no Pumpkin: Ann to Greg no Daibouken
SLPS_254.63 My Home o Tsukurou 2! Takumi
SLPS_256.39 Plus Plumb 2
SLPS_201.97 Surfing Air Show with RatBoy
SLPM_624.80 Taisen Hot Gimmick: Cosplay-jong
SLPS_200.62 Truck Kyousoukyoku: Ai to Kanashimi no Rodeo
SLPM_623.49 Welcome to Universal Studios Japan
SLES_007.93 Discworld II: Missing Presumed...!?
SLPS_005.59 AirGrave
SLPS_035.62 Jaleco Collection Vol. 1
SLPM_862.28 Konami 80's Arcade Gallery
SLPS_002.14 Kyuiin
SLPS_011.71 Samurai Spirits: Amakusa Kourin Special
SLPS_200.50 Happy! Happy!! Boarders in Hokkaido Rusutsu Resort
SCPS_100.12 Hermie Hopperhead: Scrap Panic
SLPM_800.73 Final Fantasy Extra Collection
SLPS_007.07 Kowloon's Gate: Kowloon Fuusuiden (Disc 2) (Genbu)
SLPS_007.08 Kowloon's Gate: Kowloon Fuusuiden (Disc 3) (Suzaku)
SLPS_007.09 Kowloon's Gate: Kowloon Fuusuiden (Disc 4) (Seiryuu)
SLPS_026.35 Medarot R: Parts Collection
SLPS_010.33 Power DoLLS 2
SLPS_019.90 SaGa Frontier II
SLPS_029.15 SD Gundam: GGeneration-F (Disc 4) (Premium Disc)
SLES_507.11 RedCard
SLPM_550.64 Hakuouki: Shinsengumi Kitan
SLPM_654.41 Ashita no Joe: Masshiro ni Moe Tsukiro!
SLPM_651.51 Akudaikan
SLPM_653.30 Akudaikan 2: Mousouden
SLPM_666.53 Akudaikan 3
SLPS_251.06 America Oudan Ultra Quiz
SLPM_551.69 Arcobaleno!
SCPS_110.15 Check-i-TV
SLPS_251.29 Hajime no Ippo: Victorious Boxers: Championship Version
SLPM_652.19 Happy Breeding: Cheerful Party (Shokai Genteiban)
SLPM_551.67 Kaze-iro Surf
SLPM_651.55 Kimi ga Nozomu Eien: Rumbling Hearts
SLPM_655.69 Kita e.: Diamond Dust+: Kiss Is Beginning.
SLPM_664.69 Love * Com: Punch de Conte (Shokai Genteiban)
SLPS_250.43 Maken Shao
SLPS_200.61 Mamimume * Mogacho no Print Hour
SLPS_256.15 My Home o Tsukurou 2: Juujitsu! Kantan Sekkei!!
SLPS_201.77 My Home o Tsukurou! Make Your Dream Home
SLPM_620.99 Nihon Sumou Kyoukai Kounin: Nihon Oozumou: Kakutou-hen
SLPM_621.94 Nihon Sumou Kyoukai Kounin: Nihon Oozumou: Gekitou Honbasho-hen
SLPM_669.18 Princess Maker 5
SCES_556.61 Ra.One: The Game
SCPS_110.29 Shibai Michi
SRPM_702.01 Space Venus Starring Morning Musume.
SLPM_620.70 Uchuujin tte Naani?
SLPS_257.75 The Magician's Academy
SLES_547.17 Power Volleyball
SLPM_627.06 Oretachi Geesen Zoku: Nekketsu Kouha Kunio-kun
SLPS_006.70 Kowloon's Gate: Kowloon Fuusuiden (Disc 2) (Genbu)
SLPS_006.71 Kowloon's Gate: Kowloon Fuusuiden (Disc 3) (Suzaku)
SLPS_006.72 Kowloon's Gate: Kowloon Fuusuiden (Disc 4) (Seiryuu)
SLES_007.62 Air Race
SLES_009.18 FIFA: Rumbo al Mundial 98
SLES_019.43 Radikal Bikers
SLPM_655.27 FIFA Total Football
SLPM_661.75 Akumajou Dracula: Yami no Juin
SLES_041.55 CT Special Forces 3: Bioterror
SLPM_655.97 Digital Devil Saga: Avatar Tuner
SLPM_657.95 Digital Devil Saga: Avatar Tuner 2
SLPS_255.60 Dragon Ball Z: Sparking!
SLPM_655.94 Iris no Atelier: Eternal Mana
SLPM_659.85 Iris no Atelier: Eternal Mana 2
SLPM_664.36 Iris no Atelier: Grand Fantasm
SLPS_001.48 The Firemen 2: Pete & Danny
SLPS_021.13 Tondemo Crisis!
SLPS_018.19 Langrisser IV & V: Final Edition (Disc 2) (Langrisser V Disc)
SLKA_150.05 Strikers 1945 I & II
SLPS_018.66 Pi to Mail
SLES_512.49 Castleween
SLES_555.99 Galileo Mystery: Die Krone des Midas
SCPS_193.35 Wander to Kyozou
SLPM_669.29 Elminage: Yami no Miko to Kamigami no Yubiwa
SLPM_653.83 Growlanser IV: Wayfarer of the Time
SLPM_625.60 Growlanser IV Return: Wayfarer of the Time
SLES_018.05 Hugo 2
SLES_538.63 Pool Paradise: International Edition
SLES_529.19 Rugby League 2
SCES_546.37 Gaelic Games: Hurling
SLPM_658.55 Girls Bravo: Romance 15's (DX Pack)
SCUS_972.69 PlayOnline Viewer and Tetra Master
SCES_547.04 Monsterspass
SLPS_250.69 FIFA 2002: Road to FIFA World Cup
PAPX_905.24 Wild Arms: The Vth Vanguard (Taikenban)
SLES_531.93 Puzzle Party
SLES_542.22 Super-Bikes Riding Challenge
SLES_535.98 The Ultimate Trivia Quiz
SLPM_668.15 Baldr Bullet Equilibrium
SCES_554.64 Hanuman: Boy Warrior
SLES_035.88 Die Millionen Show
SLES_005.74 Die Stadt der verlorenen Kinder
SLES_022.95 Verrat in der Verbotenen Stadt
SLES_529.20 Alarm for Cobra 11: Vol. II
SLPS_010.24 Nissan Presents: Over Drivin': Skyline Memorial
PBPX_952.42 Online Start-Up Disc v3.0
SLES_525.21 Adiboo and the Energy Thieves
SLES_538.67 Alpine Skiing 2006 featuring Bode Miller
SLES_519.78 Baphomets Fluch: Der Schlafende Drache
SLES_537.36 Billy the Wizard: Rocket Broomstick Racing
SLES_549.57 Cheggers Party Quiz
SLES_539.24 Combat Ace
SLES_522.91 Countryside Bears
SLES_539.52 Cue Academy: Snooker, Pool, Billiards
SLES_522.42 Dalmatians 3
SLES_544.75 Darwin
SLES_507.14 Defender: For All Mankind
SLES_516.21 Dirt Track Devils
SLES_511.01 Eggo Mania
SLES_502.97 Giftie
SLES_518.28 Gladiator: Schwert der Rache
SLES_547.26 Go Kart Rally
SLES_541.81 Gottlieb Pinball Classics
SLES_533.44 Guerrilla Strike
SLES_544.41 Hawk Kawasaki Racing
SLES_545.40 Hawk Superbike Racing
SLES_518.12 Homerun
SLES_551.32 Iron Chef
SLES_505.52 Jet Ski Riders
SLES_527.76 Junior Board Games
SLES_520.28 Junior Sports Basketball
SLES_542.00 Just Cause (Europe) (Fr,De) [SLES_542.00]
SLES_538.09 K-1 Premium Dynamite!!
SLES_547.25 Kirikou and the Wild Beasts
SLES_503.51 Lake Masters EX
SLES_539.02 Leaderboard Golf
SLES_548.64 Legend of Camelot
SLES_522.44 Legend of Herkules
SLES_528.09 Lemony Snicket: Ratselhafte Ereignisse
SLES_539.23 London Cab Challenge
SLES_518.63 Maze Action
SLES_523.70 The Mouse Police
SLES_544.58 Party Carnival
SLES_546.84 Peter Pan
SLES_549.94 Pippa Funnell: Ranch Rescue
SLES_518.64 Police Chase Down
SLES_540.84 Powershot Pinball
SLES_548.88 Pro Biker 2
SLES_543.26 Raceway: Drag & Stock Racing
SLES_549.27 Realplay Golf
SLES_549.26 Realplay Pool
SLES_549.29 Realplay Racing
SLES_523.46 Retro Classics: 8 Arcade Classics from Yesteryears
SLES_526.03 Room Zoom: Race for Impact
SLES_534.35 SAS: Anti-Terror Force
SLES_534.00 Shogun's Blade
SLES_547.16 Skateboard Madness: Xtreme Edition
SLES_551.52 Skyscraper
SCPS_100.60 Rapid Racer
SLPM_667.21 Musou Orochi
SLES_006.17 Lifeforce Tenka
SLPS_016.66 Zeus: Carnage Heart Second
SLES_008.48 Devil's Deception
SLPM_657.00 Kengou 3
SLPM_669.15 Yu-Gi-Oh! Duel Monsters GX: Tag Force Evolution
SLPS_013.51 Enigma (Disc 1)
SLPS_013.52 Enigma (Disc 2)
SCES_020.09 Kurushi Final
SLES_518.62 Bass Master Fishing
SLES_004.51 Lomax
SLPM_871.30 Bakuten Shoot Beyblade 2002: Bey Battle Tournament 2 (Gentei)
SLPS_002.67 Deadheat Road
SLPS_012.53 Kattobi Tune
SLES_005.90 Midnight Run: Road Fighter 2
SLPS_010.78 Mini Yonku Bakusou Kyoudai Let's & Go!! WGP Hyper Heat
SLPS_012.06 Naniwa Wangan Battle: Tarzan Yamada & AutoSelect Sawa Kyoudai (Taikenban)
SLPS_018.57 Option: Tuning Car Battle 2
SLPM_800.32 Over Drivin' DX: Rally Edition
SLPS_003.27 Over Drivin' DX
SLPM_626.27 Oretachi Geesen Zoku: Crazy Climber
SLPM_626.28 Oretachi Geesen Zoku: Karate-dou
SLPM_626.44 Oretachi Geesen Zoku: Time Pilot
SLPM_626.45 Oretachi Geesen Zoku: Moon Cresta
SLPS_017.99 Ridge Racer: High Spec Ver. & Namco Catalogue '98
SCPS_150.18 The Yamanote-sen: Train Simulator Real
SLES_033.84 Dancing Stage: Disney Mix
SLES_038.82 Dancing Stage: Party Edition
SLES_519.91 Dance:UK
SLES_524.90 Dance:UK eXtra Trax
SLES_526.40 Dance:UK XL
SLES_536.32 Dance:UK XL Party
SLES_536.33 Dance:UK XL Lite
SCPS_150.73 EyeToy: Furi Furi Dance Tengoku
SLPM_621.42 Tetsu One: Densha de Battle! World Grand Prix
SLPM_668.97 Xyanide
SLPM_622.69 Akagi: Yami ni Oritatta Tensai
SLES_015.97 Egypte 1156 AV. J.-C.: L'Énigme de la Tombe Royale
SCED_511.87 SCEE Catalogue Video
SLES_539.68 Le Parrain
SCES_037.45 Disney's Party mit Winnie Puuh
SCES_037.07 Disney's Peter Pan: Adventures in Never Land
SLES_014.73 T'ai Fu: Die Rache des Tigers
SCES_026.85 Tombi! 2
SCES_030.25 Walt Disneys Das Dschungelbuch: Groove Party
SLPM_653.86 Train Simulator: Midousuji-Sen
SLPS_005.27 Choujin Gakuen: Gowcaizer
SLPS_004.41 Fuuun Gokuu Ninden
SLES_015.50 B-Movie
SLES_005.32 Command & Conquer: Teil 1: Der Tiberiumkonflikt (Disc 1) (GDI)
SLES_010.07 Command & Conquer: Alarmstufe Rot (Disc 1)
SLES_013.45 Command & Conquer: Alarmstufe Rot: Gegenschlag (Disc 1) (Die Alliierten)
SLES_105.32 Command & Conquer: Teil 1: Der Tiberiumkonflikt (Disc 2) (NOD)
SLES_110.07 Command & Conquer: Alarmstufe Rot (Disc 2)
SLES_113.45 Command & Conquer: Alarmstufe Rot: Gegenschlag (Disc 2) (Die Sowjets)
SLPS_012.76 Misa no Mahou Monogatari (Disc 1)
SLPS_012.77 Misa no Mahou Monogatari (Disc 2)
SLES_020.70 Puchi Carat
SLES_002.17 Sampras Extreme Tennis
SLES_011.75 Super Match Soccer
SLES_531.73 Truck Racing 2
SLES_554.09 TT Superbikes: Legends
SLPS_026.34 Rhythm 'n' Face
SLPS_033.07 Simple Character 2000 Series Vol. 02: Afro-ken: The Puzzle
SLES_029.02 Batman of the Future: Return of the Joker
SLES_021.70 Wu-Tang: Taste the Pain
SLES_003.49 Blam! Machinehead
SLPS_010.44 Critical Blow
SLES_020.85 Fisherman's Bait: Bass Challenge
SLPS_251.95 Venus & Braves: Majo to Megami to Horobi no Yogen
SLES_028.54 Breakout: A Story of Bat Meets Ball...!
SLES_021.43 Bundesliga Stars 2000
SLES_030.65 Bundesliga Stars 2001
SLES_018.07 Hugo 2
SCKA_100.01 Gangcheol Gigap Sadan: Online Battlefield
SLES_116.02 Atlantis: Secrets d'un Monde Oublié (Disc 2)
SLES_016.02 Atlantis: Secrets d'un Monde Oublié (Disc 1)
SLES_216.02 Atlantis: Secrets d'un Monde Oublié (Disc 3)
SCED_536.60 Jak X & Ratchet: Gladiator (Demo)
SLPM_651.08 Jet de Go! 2
SLES_550.27 Disney's Pixar Cars: Hook International
SLES_012.39 Adidas Power Soccer 98
SLES_004.74 Agent Armstrong
SLPS_254.56 Gladiator: Road to Freedom
SLES_544.94 Little Britain: The Video Game
SLES_549.19 Agent Hugo: Lemoon Twist
SLPS_003.50 Samurai Spirits: Zankurou Musouken
SLPS_027.30 Suzu Monogatari
SLPS_001.16 Tadaima Wakusei Kaitaku-chuu!
SLES_009.53 Pax Corpus
SLES_020.94 Ronin Blade
SCAJ_200.16 Argus Zhanshi
SLPM_550.14 Aria: The Origination: Aoi Hoshi no El Cielo
SLPM_665.36 Aria: The Natural: Tooi Yume no Mirage
SCPS_150.62 Bakusou Mountain Bikers
SCAJ_200.82 Gungrave O.D.
SLPM_655.30 J.League Pro Soccer Club o Tsukurou! '04
SLPM_668.10 J.League Winning Eleven 2007: Club Championship
SCAJ_300.04 Kan Wo Long Xian Shen Wei
SLPS_259.58 Last Escort: Club Katze
SLPM_658.68 Metal Saga: Sajin no Kusari
SCPS_550.23 Otostaz
SCAJ_300.05 Shenqi Jiqi Jingjichang: Bibohou Zhongji Rezhan
SLPM_655.72 Shinten Makai: Generation of Chaos IV
SCAJ_201.67 Si Hun Qu 2
SCAJ_201.00 Tianzhu Hong
SLPM_552.09 World Soccer Winning Eleven 2010
SLPM_552.58 World Soccer Winning Eleven 2010: Aoki Samurai no Chousen
SLAJ_251.15 World Soccer Winning Eleven 2011
SLPM_552.94 World Soccer Winning Eleven 2012
SCAJ_200.88 Yu Zi: Qiang Jiu Shui Tang Da Zuo Zhan
SLAJ_350.07 Zhen San Guo Wu Shuang 5 Special
SCAJ_201.78 Zhuo Hou La: Baiwan Houjun Jingbao Da Chuji
SCAJ_201.44 Zhuo Hou La 3
SLPM_624.79 Karaoke Revolution: J-Pop Best Vol. 9 (Gentei)
SLPS_252.52 Star Wars: Jango Fett
SLPM_653.08 Shutokou Battle 01
SLPM_625.03 Bomberman Battles
SLPM_622.45 Yuusei kara no Buttai X: Episode II
SLPS_004.63 Fish Eyes
SLPM_862.95 Exciting Bass 2
SLES_553.31 Cabela's Dangerous Adventures
SLPS_005.75 Zëiramzone
SLPM_552.29 Final Fantasy XI: Vana'diel Collection 2
SLPM_621.32 Internet Othello: Othello World 24
SCES_554.20 Buzz! De Slimste van Nederland
SLPS_250.37 Velvet File Plus
SLPS_251.96 Venus & Braves: Majo to Megami to Horobi no Yogen
SCED_004.94 Tekken 2 + Fade to Black + F1 + V-CD
SLPS_254.45 Kagero II: Dark Illusion
SLES_012.26 Actua Ice Hockey 2
SLES_004.93 Ayrton Senna Kart Duel
SLES_010.24 Ayrton Senna Kart Duel 2
SCES_014.43 Blood Lines
SLES_002.58 Break Point
SCES_021.46 Everybody's Golf 2
SLPS_003.58 Formula Circus
SLES_025.26 Formula Nippon
SLES_003.81 Grid Run
SLES_003.09 Hyper Tennis: Final Match
SLES_024.48 International Track & Field 2
SLPM_664.34 Festa!! Hyper Girls Party (Genteiban)
SLPM_659.68 Lovedol: Lovely Idol (Shokai Genteiban)
SLPM_659.69 Lovedol: Lovely Idol
SLPM_668.92 Myself; Yourself
SLPS_007.39 Saber Marionette J: Battle Sabers
SLPM_656.04 Anime Battle: Rekka no Honoo: Flame of Recca: Final Burning
SCUS_974.21 Kiosk Demo Disc Q4 2004-Q1 2005
SLPS_203.20 Taiko no Tatsujin: Appare Sandaime
SLPS_203.82 Taiko no Tatsujin: Atsumare! Matsuri da!! Yondaime
SLPS_203.99 Taiko no Tatsujin: Go! Go! Godaime
SLPS_204.50 Taiko no Tatsujin: Wai Wai Happy! Rokudaime
SLES_013.17 Virus: It Is Aware
SLPS_259.02 Junjou Romantica: Koi no Doki Doki Daisakusen
PAPX_902.07 Gran Turismo 3: A-Spec: Autobacs Gentei Replay Theater (Demo)
PAPX_902.08 Gran Turismo 3: A-Spec: Replay Theater (Demo)
PAPX_902.09 Gran Turismo 3: A-Spec: Netz Toyota: Replay Theater Disc (Demo)
PCPX_963.11 Gran Turismo 3: A-Spec: Tentou Shiyuu Disc
PCPX_966.49 Gran Turismo 4: First Preview (Taikenban)
SLPM_685.19 Enthusia Professional Racing: Subaru Impreza WRX STI (Taikenban)
SCED_515.98 Selector Demo 08
SLPS_018.01 Ridge Racer: High Spec Ver. & Namco Catalogue '98
SLPM_806.43 10th Anniversary Memorial Save Data (Disc 1) (PlayStation Taiou)
SLPS_012.04 '98 Koushien: Koukou Yakyuu Simulation
SLES_026.95 A2 Racer: Europa Tour
SLES_013.41 Absolute Football
SLPM_653.13 First Kiss Stories
SLPS_251.20 Kidou Senshi Gundam: Gihren no Yabou: Zeon Dokuritsu Sensouki
SLPS_252.12 Kidou Senshi Gundam: Gihren no Yabou: Zeon Dokuritsu Sensouki: Kouryaku Shireisho
SLPM_621.45 Teitoku no Ketsudan IV
SLPS_254.13 ToHeart 2 (Shokai Genteiban)
SLPS_250.38 True Love Story 3
SLPM_663.21 Warship Gunner 2: Kurogane no Houkou
SLES_007.94 Discworld II: Mortellement Votre
SLES_023.46 L'Amerzone (Disc 1)
SLES_123.46 L'Amerzone (Disc 2)
SCES_007.99 Les Boucliers de Quetzalcoatl: Les Chevaliers de Baphomet II
SCES_003.47 Les Chevaliers de Baphomet
SLES_015.02 Oddworld: L'Exode d'Abe (Disc 1)
SLES_115.02 Oddworld: L'Exode d'Abe (Disc 2)
SLES_002.59 Pro Pinball: The Web
SLES_011.79 Test Drive 4x4
SLES_001.52 Tilt!
SLES_508.37 Indiana Jones et le Tombeau de l'Empereur
SLES_521.03 Tak & Le Pouvoir de Juju
SLES_041.77 Schnappi: Das kleine Krokodil: 3 Fun-Games
SLES_551.88 Disney's WALL-E: Der Letzte raumt die Erde auf
SLES_500.45 Walt Disney's The Jungle Book: Groove Party
SLPM_652.17 Seaman: Kindan no Pet: Kanzenban
SLPS_252.64 RAhXEPhON: Soukyuu Gensoukyoku
SLPS_253.59 Shaman King: Funbari Spirits
SLPM_668.85 World Soccer Winning Eleven 2008
SLPS_034.07 Kids Station: Oja Majo DoReMi Dokkan! Maho-dou Eigo Festival
SLES_501.95 UEFA Challenge
SLPM_861.56 Beat Mania 3rd Mix Mini
SLES_029.47 Ski Air Mix
SLPM_800.81 Konami Best Collection: '96 Fuyu-'97 Haru-ban (Taikenban)
SLPS_031.35 Memorial Series: Sunsoft Vol. 1
SLPS_031.81 Memorial Series: Sunsoft Vol. 2
SLPS_033.82 Memorial Series: Sunsoft Vol. 4
SLPS_034.86 Memorial Series: Sunsoft Vol. 6
SLPS_001.84 Nichibutsu Arcade Classics
SLPS_004.82 Pinball Fantasies Deluxe
SLPS_010.79 Side Pocket 3
SLPS_003.60 Super Pang Collection
SLPS_004.36 Toaplan Shooting Battle 1
SLES_548.85 Moto X Maniac
SLPM_623.78 Bakusou Convoy Densetsu: Otoko Hanamichi America Roman
SLPM_651.80 The Baseball 2003: Battle Ball Park Sengen: Perfect Play Pro Yakyuu
SLPM_651.39 Gun Survivor 3: Dino Crisis
SLKA_250.92 Gwimuja Muroejeon
SLKA_150.15 Ilgyeok Salchung!! Hoihoi-san
SCPS_560.12 Jeolche Jeolmyeong Dosi
SLKA_253.20 Jeonsin: Ikusagami
SLKA_252.24 jigu_kind_k
SLPM_551.55 Jikkyou Powerful Major League 2009
SLPM_662.17 Jikkyou Powerful Pro Yakyuu 12: Ketteiban
SLPM_664.50 Jikkyou Powerful Pro Yakyuu 13
SLPM_669.16 Jikkyou Powerful Pro Yakyuu 14: Ketteiban
SLPM_550.24 Jikkyou Powerful Pro Yakyuu 15
SLPM_645.01 Jin Samguk Mussang
SLPM_675.50 Jin Samguk Mussang 2: Maengjangjeon
SLKA_250.85 Jin Samguk Mussang 3: Maengjangjeon
SLKA_253.29 Jin Samguk Mussang 4: Maengjangjeon
SLKA_250.76 Jin Yeosin Jeonsaeng III: Nocturne
SLKA_251.60 Jin Yeosin Jeonsaeng III: Nocturne Maniax
SLKA_250.71 jingu_inocent_k
SLKA_252.23 K-League Winning Eleven 8: Asia Championship
SLPM_552.52 Pro Yakyuu Spirits 2010
SLKA_251.39 Pungun Sinseonjo
SLKA_150.03 Shickshin_2_k
SCKA_200.04 Sly Cooper: Jeonseolui Bibeobseoreul Chajaseo
SCKA_200.33 Smash Court Pro Tournament 2
SLPM_675.52 Tomak: Save the Earth: Complete Edition
SCKA_200.61 Wander and the Colossus
SLKA_251.53 World Soccer Winning Eleven 10: Liveware Evolution
SLKA_254.80 World Soccer Winning Eleven 2012
SCKA_201.09 Yeosin Jeonsaeng Persona 3 FES
SCES_548.48 Buzz! Hollywood
SCES_539.29 Buzz! O Grande Quiz
SCES_545.04 Buzz! O Mega Quiz
SCES_542.63 Buzz! O Quiz Desportivo
SLPM_662.72 I/O
SLPM_654.81 After... Wasureenu Kizuna (Shokai Genteiban)
SLPM_669.05 D.C.: Da Capo: The Origin
SLPM_653.96 Di Gi Charat Fantasy Excellent
SLPS_257.51 Gakuen Utopia: Manabi Straight! Kira Kira Happy Festa! (Genteiban)
SLPM_664.99 Kamisama Kazoku: Ouen Ganbou
SLPM_652.92 Love Hina Gorgeous: Chiratto Happening!!
SLPS_250.48 Zeonic Front: Kidou Senshi Gundam 0079
SCES_002.38 Demo One (Version 3)
SLES_007.13 Yusha: Heaven's Gate
SCES_010.94 Zero Divide 2: The Secret Wish
SLES_545.93 Space Rebellion
SLES_539.15 Space War Attack
SCES_556.63 Street Cricket Champions 2
SLES_516.25 Ultimate Mind Games
SLPM_624.09 Wizardry Empire III: Haou no Keifu
SLPM_650.83 Houshin Engi 2
SLPM_654.02 Tengai Makyou II: Manji Maru
SLPM_659.52 Tengai Makyou III: Namida
SLPS_202.07 Usagi: Yasei no Touhai: Dramatic Mahjong
SCES_009.81 Pet in TV
SLES_016.61 Retro Force
SLPM_660.08 Musashiden II: Blademaster
SLKA_250.09 Geomho 2
SLPM_675.31 Gyeoljeon II
SLPM_645.22 La Pucelle
SLPM_653.67 Makai Eiyuuki Maximo: Machine Monster no Yabou
SLKA_251.50 Muinga
SLPM_675.45 Project Minerva
SLKA_250.34 Real Bass Fishing: Top Angler
SLPM_653.80 Samurai-dou 2: Way of the Samurai 2
SLKA_250.10 Super Battle Bongsin
SLKA_250.42 Tamamayu_Monogatari_2 [K]_Wide
SCKA_200.01 XI5: Aqui Ohyeongje
SCKA_201.32 Yeosin Jeonsaeng Persona 4
SLKA_252.58 Yoshitsune Yeongungjeon
SCED_535.13 Bonus Demo 10 (You)
SLPS_014.49 Silhouette Mirage: Reprogrammed Hope
SLPM_659.00 Sakura Taisen 3: Paris wa Moeteiru ka
SCPS_550.32 Fantavision: For You and Me
SLES_552.95 Score International Baja 1000: World Championship Off Road Racing
SLES_553.79 Winter Sports 2009: The Next Challenge
SLPM_666.94 SpongeBob SquarePants
SLES_513.00 Jimmy Neutron: Der mutige Erfinder
SLES_017.61 Action Man: Mission Xtreme
SLES_030.83 Action Man: Destruction X
SCES_026.84 Tombi! 2
SLES_025.90 Hugo: The Quest for the Sunstones
SLES_016.94 Max Power Racing
SLPS_020.71 Super Robot Taisen: Complete Box (Disc 2) (History of Super Robot Wars)
SLPS_027.49 Tobaku Mokushiroku Kaiji
SLPM_658.01 Crash Bandicoot 5: Eeee Crash to Cortex no Yabou?!?
SLES_508.45 Medal of Honor: En Première Ligne
SLES_533.33 Medal of Honor: Les Faucons de Guerre
SLES_038.81 International Cricket Captain 2002
SLES_039.31 Michael Schumacher Racing World Kart 2002
SLES_000.15 Actua Golf
SLES_000.44 Actua Golf 2
SLES_002.64 Virtual Golf
SLPS_008.79 Puzzle Arena Toushinden
SLES_525.94 U-Move Super Sports
SLES_534.36 Yetisports Arctic Adventures
SLPM_654.86 AirForce Delta: Blue Wing Knights
SLPS_251.07 Kengou 2
SLPM_552.17 Shin Hisui no Shizuku: Hiiro no Kakera 2
SLPM_550.68 Koi-hime Musou: Doki Otome Darake no Sangokushi Engi (Shokai Genteiban)
SLPM_658.73 Project Minerva Professional (J)
SLPM_650.93 Sangokushi Senki
SLPM_652.47 Sangokushi Senki 2
SLPM_666.81 Shin Megami Tensei III: Nocturne Maniax: Chronicle Edition
SLPS_250.28 Shutokou Battle 0
SLPS_030.11 Logic Pro Adventure
SLPS_003.45 Oh-chan no Oekaki Logic 2
SLPM_866.75 SuperLite 1500 Series: Oekaki Puzzle 4
SLPM_868.00 SuperLite 1500 Series: Oekaki Puzzle 5
SLES_029.17 Checkmate
SLES_026.97 Pool Academy
SCES_021.47 Tombi! 2
SLES_537.08 Le Cronache di Narnia: Il leone, la strega e l'armadio
SLES_041.26 Space Rider
SLES_032.98 Tunguska: Legend of Faith
SLES_008.11 Xenocracy: The Ultimate Solar War
SCES_002.63 Namco Tennis Smash Court
SLES_023.41 Autobahn Raser II
SLES_033.04 LEGO Insel 2: Der Steinbrecher kehrt zurück
SLES_510.09 Autobahn Raser IV
SLPM_650.74 Gensou Suikoden III
SLPM_621.59 World Soccer Winning Eleven 6
SLES_549.05 Les Simpson: Le Jeu
SLES_507.94 Sven-Goran Eriksson's World Manager 2002
SLED_012.70 Command & Conquer: Alarmstufe Rot & Bloody Roar (Demo)
SLPS_015.23 Family Bowling
SLPS_016.47 Love Game's: Wai Wai Tennis
SLED_009.66 radicalgames@psygnosis
SLES_002.14 Ran Soccer
SLED_536.81 EA Demo Disc: From Russia with Love + Need for Speed: Most Wanted + SSX on Tour
SLES_540.80 World Super Police
SLES_519.07 Disney's Pixar Alla Ricerca di Nemo
SLES_528.04 The Lord of the Rings: The Third Age
SLES_522.87 Tak e la Magia Juju
SLPM_690.02 NetFront
SLPM_621.36 NetFront for Delta
SLES_531.41 X-treme Quads
SCES_026.86 Tombi! 2
SLPS_250.54 Tamamayu Monogatari 2: Horobi no Mushi
SLPM_653.00 All Star Pro-Wrestling III
SLES_534.88 Puzzle Maniacs
SLPM_742.26 Metal Saga: Sajin no Kusari
SLES_507.29 Tiger Woods USA Tour 2002
SLES_036.24 Spider-Man 2: La Revanche d'Electro
SCES_546.01 SingStar Après-Ski Party
SCES_556.41 SingStar Après-Ski Party 2
SCES_552.58 SingStar Best of Disney
SCES_556.17 SingStar Fussballhits
SCES_554.89 SingStar Mallorca Party
SCES_551.79 SingStar Schlager
SLES_012.60 B-Movie
SLES_025.64 Bundesliga 2000: Der Fussball-Manager
SLES_034.02 DSF Fußball Manager 2001
SLES_027.68 Marranos en Guerra
SIPS_600.21 Twisted Metal EX: World Tour
SLES_514.25 Fatman Slim
SLPS_254.39 Hajime no Ippo All Stars
SLPS_254.30 Lupin Sansei: Columbus no Isan wa Ake ni Somaru
SLES_546.30 Chi Vuol Essere Milionario? Party Edition
SLES_510.80 Club Football: AC Milan
SLES_526.56 Club Football 2005: AC Milan
SLES_550.28 Disney's Pixar Cars: La Coppa Internazionale di Carl Attrezzi
SLES_502.28 Fuga da Monkey Island
SLES_528.10 Lemony Snicket Una Serie di Sfortunati Eventi
SLES_549.99 Mercenaries 2: Inferno di Fuoco
SLES_508.29 Star Wars: La Guerra dei Cloni
SLPM_610.77 Sega Ages 2500 Taikenban (Taikenban)
SLPM_656.32 Virtua Fighter: Cyber Generation: Judgment Six no Yabou
SCCS_400.22 World Soccer Winning Eleven 8: Asia Championship
SLPM_551.31 World Soccer Winning Eleven 2009
SLES_533.69 Twenty 2 Party
SCES_022.90 Space Debris
SCES_555.14 SingStar Studio 100
SCES_554.01 SingStar Zingt met Disney
SLES_010.06 Command & Conquer: Alerte Rouge (Disc 1) (Alliés)
SLES_110.06 Command & Conquer: Alerte Rouge (Disc 2) (Soviétiques)
SLES_534.95 Bob L'éponge: Silence on Tourne!
SLES_536.23 Bob L'éponge: La Bataille de Bikini Bottom
SLPM_867.54 Castlevania Chronicle: Akumajou Dracula
SLPS_010.37 World Neverland: The Olerud Kingdom Stories
SLES_000.56 Rock & Roll Racing 2: Red Asphalt
SLPS_000.75 World Stadium EX
SLES_000.54 X-COM: Enemy Unknown
SLES_018.71 Evo's Space Adventures
SLPS_009.03 Ongaku Tkool: Kanadeeru 2
SLPM_864.08 Southern All Stars: Space MOSA ;Space Museum of Southern Art; (Disc 1) (Museum)
SLPM_864.09 Southern All Stars: Space MOSA ;Space Museum of Southern Art; (Disc 2) (Library)
SLPM_864.10 Southern All Stars: Space MOSA ;Space Museum of Southern Art; (Disc 3) (Theater)
SLES_028.55 Army Men: Operation Meltdown
SLES_034.14 Army Men: Lock 'n' Load
SCUS_943.71 Toys ;R; Us: Interactive CD Sampler Disc
SLPS_251.69 Armored Core 3: Silent Line
SLPM_650.97 Garakuta Meisaku Gekijou: Rakugaki Oukoku
SLPM_656.37 Rakugaki Oukoku 2: Maou-jou no Tatakai
SLPS_006.31 Fighting Network Rings
SLPM_663.43 Shin Sangoku Musou 4: Empires
SLPS_250.44 Evergrace II
SLPM_666.02 Ryuu ga Gotoku 2 (Disc 1)
SLPM_666.03 Ryuu ga Gotoku 2 (Disc 2)
SLES_027.62 Drácula: A Ressurreição (Disc 1)
SLES_127.62 Drácula: A Ressurreição (Disc 2)
SLES_034.80 Qui Veut Gagner des Millions?
SLES_035.90 Qui Veut Gagner des Millions: Seconde Edition
SLES_035.93 Qui Veut Gagner des Millions: Junior
SLES_504.96 Qui Veut Gagner des Millions: Seconde Edition
SLES_039.65 Disney Learning: Mickey
SCES_020.14 Disney/Pixar A Bug's Life: Disney's Activity Centre
SLES_034.15 Europe Racer
SLES_015.39 Hard Edge
SLES_008.89 The Last Report
SLES_001.31 Lone Soldier
SCED_039.93 The Magical World of Disney on PlayStation
SLES_017.16 Millennium Soldier: Expendable
SCED_506.33 Gravity Sucks
SLPS_023.14 Brave Saga 2: Koushiki Data Disc: Yuusha no Akashi 2 (Shokai Seisan Genteiban)
SLPS_017.56 Shin Sedai Robot Senki: Brave Saga
SLPS_250.33 Kaze no Klonoa 2: Sekai ga Nozonda Wasuremono
SLPS_256.08 Makai Senki Disgaea 2
SLPM_650.50 Yu-Gi-Oh! Shin Duel Monsters II: Keishou sareshi Kioku
SCED_013.06 Autorennen Spezial '98
SCES_030.18 Disney El Emperador y sus Locuras
SLUS_900.27 Asciiware Training CD
SCUS_946.32 Spyro 2: Ripto's Rage! / Crash Team Racing (Demo)
SLPS_258.48 Naraku no Shiro: Ichiyanagi Nagomu, 2-dome no Junan
SLES_039.58 All Star Boxing
SLES_029.54 Moses: Prince of Egypt
SLPM_655.80 Crash Bandicoot: Bakusou! Nitro Kart
SLPS_251.83 ZYANGULU
SLPS_257.10 K-1 World GP 2006
SLPM_550.60 D.Gray-man: Sousha no Shikaku
SCUS_974.20 Jampack Demo Disc Volume 12
SCUS_974.92 Jampack Demo Disc Volume 13
SCUS_975.65 Jampack Demo Disc Volume 15
SLES_544.34 Babe
SLES_015.76 Shane Warne Cricket
SLES_530.58 Ricky Ponting International Cricket 2005
SLPS_003.80 Ayrton Senna Kart Duel
SLES_024.74 Asterix & Obelix contro Cesare
SLPS_025.23 Dice de Chocobo
SLPM_621.19 Jikkyou Powerful Pro Yakyuu 8: Ketteiban
SLPM_654.45 Jikkyou Powerful Pro Yakyuu 10: Chou Ketteiban: 2003 Memorial
SLPM_658.25 Jikkyou Powerful Pro Yakyuu 11: Chou Ketteiban
SLPM_665.90 Jikkyou Powerful Pro Yakyuu 13: Ketteiban
SLPM_551.46 Jikkyou Powerful Pro Yakyuu 2009
SLPS_004.25 Sankyo Fever: Downtown Geki
SLES_035.85 Who Wants to Be a Millionaire: Australian Edition
SLPM_623.69 Karaoke Revolution: J-Pop Best Vol. 1
SLPM_623.79 Karaoke Revolution: J-Pop Best Vol. 2
SLPM_624.51 Karaoke Revolution: J-Pop Best Vol. 5
SLPM_624.54 Karaoke Revolution: J-Pop Best Vol. 6 (Gentei)
SLPM_624.55 Karaoke Revolution: J-Pop Best Vol. 7 (Gentei)
SLPM_624.56 Karaoke Revolution: J-Pop Best Vol. 8 (Gentei)
SCES_553.89 Buzz! Il Quizzone Nazionale
SLES_508.39 Indiana Jones e la Tomba dell'Imperatore
SLPS_017.90 Fuujin Ryouiki Eretzvaju
SLPM_610.70 Dengeki PS2 PlayStation D66
SLPS_026.21 Strider Hiryuu 1 & 2 (Disc 2) (Strider Hiryuu 2)
SCED_510.97 Gran Turismo Concept: Nissan Z (Demo)
SLPS_732.51 Naruto: Narutimate Hero 3
SLPS_251.50 Only You: Rebel Cross
SLPM_663.93 Final Fantasy XI: All in One Pack 2006
SCPS_150.78 EyeToy: Saru EyeToy: Oosawagi! Ukkiuki Game Tenkomori!!
SLPM_803.50 XI [sái] Super Play Collection: XI wa Futatabi Nagerareta: Special CD-ROM
SLPM_870.82 Arcade Hits: Moon Cresta
SLPS_009.38 Dark Seed II
SLPS_003.65 Tekkyuu: True Pinball
SLPM_622.47 Shin Contra
SLPM_622.92 Warrior Blade: Rastan vs. Barbarian-hen
SLES_543.68 RTL Skispringen 2007
SLPS_258.03 xxxHOLiC: Watanuki no Izayoi Souwa
SLES_528.56 10 Most Wanted
SLES_541.40 Playwize Poker & Casino
SLPM_551.89 Rosario to Vampire Capu 2: Koi to Yume no Rhapsodia (Genteiban)
SLES_534.91 Karaoke Stage 2
SCES_552.41 SingStar Russian Hit
SLPS_008.73 Shin Senki Van-Gale: The War of Neo-Century
SLPS_204.43 Blokus Club with Bumpy Trot
PBPX_950.08 Demo One (Version 7)
SCES_536.80 WRC avec Sébastien Loeb Édition 2005
SCES_538.82 Buzz! Il Superquiz
SLPM_621.93 Jikkyou J.League: Perfect Striker 5
SLES_553.46 Rugby League 2: World Cup Edition
SLPM_657.06 Final Fantasy XI: All in One Pack 2004
SLPM_655.99 Gensou Suikoden IV (Genteiban)
SLPM_661.70 Gensou Suikoden V (Genteiban)
SCPS_151.03 Gunparade Orchestra: Shiro no Shou: Aomori Penguin Densetsu (Genteiban)
SCPS_151.08 Gunparade Orchestra: Midori no Shou: Ookami to Kare no Shounen
SCPS_151.10 Gunparade Orchestra: Ao no Shou: Hikari no Umi kara Tegami o Okuri masu
SCPS_151.14 Kikou Souhei Armodyne
SLPS_202.50 Makai Senki Disgaea (Genteiban)
SLPS_256.07 Makai Senki Disgaea 2 (Genteiban)
SLPM_685.02 Zeonic Front: Kidou Senshi Gundam 0079 (Tokubetsu-ban)
SLPS_258.31 Zero no Tsukaima: Muma ga Tsumugu Yokaze no Fantasy
SLPS_023.58 Hyouryuuki: The Reportage Beyond the Sea
SLPS_028.54 Ningyo no Rakuin
SCPS_455.10 Shediao Yingxiongzhuan
SLPM_656.42 Meiwaku Seijin: Panic Maker
SLPS_255.42 Naruto: Uzumaki Ninden
SLPS_732.15 Shadow Hearts II: Director's Cut (Disc 2)
SLPM_651.70 Shin Sangoku Musou 2: Moushouden
SLPM_653.77 Shin Sangoku Musou 3: Moushouden
SLPM_661.01 Shin Sangoku Musou 4: Moushouden
SCCS_400.10 Super Puzzle Bobble 2
SCCS_400.06 Zhen Sanguo Wushuang 2
SLPS_251.84 Guilty Gear XX: The Midnight Carnival
SLES_002.65 Actua Tennis
SLPS_010.91 Magical Date: Doki Doki Kokuhaku Daisakusen
SLPM_866.51 Hunter x Hunter: Maboroshi no Greed Island
SLPM_802.99 L'Arc-en-Ciel: Light my Fire
SLPM_870.24 Boku no Choro Q
SLPM_864.57 Kinniku Banzuke Vol. 2: Arata naru Genkai e no Chousen!
SLPM_866.90 Kinniku Banzuke Vol. 3: Saikyou no Challenger Tanjou!
SLES_038.46 Moorhen 3: Chicken Chase
SLPS_021.65 Mighty Hits Special
SLPS_026.80 Oh! Bakyuuun
SLPS_025.55 Rescue Shot Bubibo
SLPM_805.22 Rescue Shot Bubibo & Biohazard: Gun Survivor: GunCon Taiou Shooting Taikenban (Taikenban)
SLPS_202.41 Shanghai: Sangoku-pai Tougi
SLES_524.59 Autobahn Raser: Das Spiel zum Film
SLPM_865.43 Egg
SLPS_011.21 Egg
SLPM_862.36 Garou Densetsu: Wild Ambition
SLPM_675.23 Jin Samguk Mussang 2
SLKA_250.50 Jin Samguk Mussang 3
SLKA_251.87 Jin Samguk Mussang 3: Empires
SLKA_252.89 Jin Samguk Mussang 4
SLPM_645.21 Raging Bless: Hangma Muksirok
SLPM_651.34 RedCard
SLPS_002.62 Bishoujo Senshi Sailor Moon SuperS: Shin Shuyaku Soudatsusen
SCES_035.41 Disney Atlantis: El Imperio Perdido
SCES_037.15 Disney Aventuras de Peter Pan en el País de Nunca Jamás
SLES_028.94 Disney Dinosaurio
SCES_039.41 Disney El Planeta del Tesoro
SCES_030.36 Disney La Sirenita 2
SLES_036.41 Disney La Super-Diver Casa de Goofy
SLES_030.99 Disney Pato Donald: Cuac Attack
SLES_032.59 Disney Tigger tras un Bote de Miel
SCES_037.48 Disney ¡Ven a la Fiesta! con Winnie the Pooh
SCES_015.23 Disney/Pixar Bichos: Una Aventura en Miniatura
SCES_037.67 Disney/Pixar Monstruos, S.A.: Isla de los Sustos
SCES_020.07 Disney's Aventura Interactiva: Mulan
SLES_032.72 Disney's El Rey Leon: Las Aventuras del Poderoso Simba
SCES_021.77 El Tetris Un Mágico Desafío
SLES_004.43 Invasion
SLES_029.11 Nickelodeon Rugrats: Excursión al estudio
SLES_033.44 Nickelodeon Rugrats en París: La película
SLPS_014.35 Puchi Carat
SLPS_007.64 Rockman: Battle & Chase
SLES_031.58 Louvre: The Final Curse (Disc 1)
SLES_131.58 Louvre: The Final Curse (Disc 2)
SLPS_010.81 Cellophanes
SLPS_005.83 Mighty Hits
SLPM_650.33 Kikou Heidan J-Phoenix
SLPM_651.23 Kikou Heidan J-Phoenix: Burst Tactics
SCED_004.56 Demo One (Version 4)
SCES_001.20 Demo One (Version 2)
SLPM_625.26 Giant Robo: The Animation: Chikyuu ga Seishi suru Hi
SLES_013.59 Shadow Gunner: The Robot Wars
SCES_003.48 Baphomets Fluch
SLES_007.95 Discworld II: Vermutlich vermisst...!?
SLPM_660.90 Crash Bandicoot: Gatchanko World
SLPS_258.10 Dear My Sun!! Musuko Ikusei Capriccio
SLPS_250.12 Hajime no Ippo: Victorious Boxers
SLES_545.22 SpongeBob and Friends: Battle for Volcano Island
SLES_505.58 DSF Fußball Manager 2002
SLES_551.22 Moorhuhn Fun Kart 2008
SLES_513.91 RTL Skispringen 2003
SLES_518.88 RTL Skispringen 2004
SLES_530.23 RTL Skispringen 2005
SLES_533.03 RTL Skispringen 2006
SLPS_004.14 Shingata Kururin Pa!
SLPM_663.98 Parfait: Chocolat Second Style
SLES_034.85 Family Games Compendium (Disc 1)
SLES_549.92 PDC World Championship Darts 2008
SLES_006.15 Lifeforce Tenka
SLES_545.19 Ford Street Racing XR Edition
SCED_529.45 WRC 4: The Official Game of the FIA World Rally Championship (Ford Fiesta Sports Edition Demo) (Demo)
SLES_525.15 Ultimate Casino
SLES_526.16 Video Poker & Blackjack
SLPS_015.27 Alive (Disc 1)
SLPM_866.29 Power Shovel ni Norou!!
SLES_032.71 Disney Il Re Leone: La Grande Avventura di Simba
SLES_039.83 Disney Learning: Winnie the Pooh
SCES_037.13 Disney Peter Pan: L'Avventura nell'Isola che non c'è
SCES_015.22 Disney/Pixar A Bug's Life: Megaminimondo
SLES_033.14 Disney/Pixar Buzz Lightyear da Comando Stellare
SCES_037.65 Disney/Pixar Monsters & Co.: L'Isola dello Spavento
SLES_018.64 Premier Manager Novanta Nove
SCES_030.26 Walt Disney Il Libro della Giungla: Il Ballo della Giungla
SLES_531.46 I Fantastici 4
SLES_549.83 Postman Pat
SLES_031.25 Medal of Honor: Resistance
SLPS_035.03 Inuyasha: Sengoku Otogi Gassen
SLPS_006.40 Real Bout Garou Densetsu
SLPS_029.10 Simple 1500 Series Vol. 35: The Shooting
SLPM_652.36 Anubis: Zone of the Enders
SLPM_611.20 Drag-on Dragoon 2: Fuuin no Aka, Haitoku no Kuro (Taikenban)
SLKA_020.02 Super Lite Best Vol. 1: Cotton Original & Block Keeper
SLKA_020.03 Super Lite Best Vol. 2: Sanvein & Bomb Boat
SCKA_010.01 Super Shot Soccer (Korea)
SLKA_253.90 Jin Samguk Mussang 4: Empires
SLKA_250.63 Kaido Battle
SLKA_250.84 Sudogo Battle 01
SLPM_662.49 Growlanser V: Generations (Shokai Genteiban)
SLPM_665.76 Seiken Densetsu 4
SLPS_019.18 Magical Drop Plus 1!
SCED_514.91 Primal + The Mark of Kri
SLPM_620.72 Horse Breaker
SLES_548.03 They Came from the Skies
SCES_548.54 Buzz! Hollywood Quiz
PUPX_930.33 PlayStation Seizou Kensa-you Disc 3 CD-ROM US-ban Ver1.1
SLPM_660.63 Mahou Sensei Negima! 2-jikanme: Tatakau Otome-tachi! Mahora Daiundoukai Special!
SLES_008.46 V-Ball: Beach Volley Heroes
SLPS_258.06 Katekyoo Hitman Reborn! Dream Hyper Battle! Shinu Ki no Honoo to Kuroki Kioku
SCES_026.87 Tombi! 2: Contra los Cerdiablos
SLPM_862.50 Goo! Goo! Soundy
SCPS_101.27 Koneko mo Issho
SCUS_942.38 PlayStation Underground Volume 2 Issue 1 (Disc 2)
SLES_535.96 The Ultimate Film Quiz
SLES_535.99 The Ultimate Music Quiz
SLPS_252.88 D-A: Black (Shokai Genteiban)
SLPM_550.28 Secret Game: Killer Queen
SLPM_864.01 SuperLite 1500 Series: Uno
SLPM_658.43 120 Yen no Haru: 120 Yen Stories
SLPS_201.92 Hissatsu Pachinko Station V3: Shutsudou! Miniskirt Police
SLPM_652.11 Houshin Engi 2
SLPS_250.42 Maken Shao (Shokai Seisan Genteiban)
SLPS_258.96 Moe Moe 2-Ji Taisen (Ryaku) Deluxe
SLPM_611.25 Tokyo Game Show Bandai Namco Booth Distribution Disc 2005 (Taikenban)
SLES_002.61 Hardcore 4x4
SLPS_034.37 Bakuretsu Soccer
SLKA_251.66 Jeonguk Mussang
SCES_506.01 Disney's Pixar Monsters & Co.: L'Isola dello Spavento
SLES_555.16 L'Era Glaciale 3: L'Alba dei Dinosauri
SCED_514.11 Magazine Ufficiale PlayStation 2 Italia 02/03
SCED_524.43 Magazine Ufficiale PlayStation 2 Italia 05/04
SCED_525.80 Magazine Ufficiale PlayStation 2 Italia 06/04
SCED_528.55 Magazine Ufficiale PlayStation 2 Italia 09/04
SCED_529.81 Magazine Ufficiale PlayStation 2 Italia 11/04
SCED_520.57 Magazine Ufficiale PlayStation 2 Italia 12/03
SCED_541.49 Magazine Ufficiale PlayStation 2 Italia 04/2006
SCED_542.08 Magazine Ufficiale PlayStation 2 Italia 06/2006
SCED_545.23 Magazine Ufficiale PlayStation 2 Italia Speciale Kids
SCED_546.02 Magazine Ufficiale PlayStation 2 Italia Speciale Wrestling
SCED_521.83 Magazine Ufficiale PlayStation 2 Platinum Speciale 2003
SCED_527.95 Magazine Ufficiale PlayStation 2 Speciale di Corso
SCED_530.43 Magazine Ufficiale PlayStation 2 Speciale Platinum Italia
SLPM_663.32 Kouenji Joshi Soccer
SLPM_742.09 Samurai-dou 2: Kettouban
SLPM_670.14 Sengoku Musou 2: Moushouden
SLPM_653.91 Shinki Gensou: Spectral Souls
SLPS_252.34 Tenchu 3
SLPS_732.48 Kagero II: Dark Illusion
SLPS_253.89 Kidou Senshi Gundam Seed: Owaranai Ashita e
SLPM_611.62 Dragon Ball Z: Sparking! Meteor (Taikenban)
SLPM_645.50 Super Puzzle Bobble 2
SLPM_662.31 Cartagra: Tamashii no Kunou
SLPS_202.45 LowRider: Round the World
SLES_545.50 White Van Racer
SLES_036.76 Kirikou
SLES_029.53 Lion and the King
SLES_040.65 Lion and the King 2
SLPM_552.41 ef: A Fairy Tale of the Two.
SLPM_659.97 Hametsu no Mars
LSP90513.000 KazMania 2: Chaos in KazMania
SCES_538.81 Buzz! Le Grand Quiz
SCES_544.97 Buzz! Le Méga Quiz
SCES_553.86 Buzz! Le Plus Malin des Français
SCES_555.13 SingStar Polskie Hity
SCES_556.16 SingStar Polskie Hity 2
SLES_034.33 X'treme Roller
SLES_033.77 Ducati World
SLES_032.09 Kart Challenge
SLES_018.78 Killer Loop
SLES_008.49 No Fear Downhill Mountain Biking
SLES_034.49 Roland Garros French Open 2001
SLPM_863.17 Jikkyou J.League 1999: Perfect Striker
SLPM_550.33 J.League Winning Eleven 2008: Club Championship
SLPM_551.82 J.League Winning Eleven 2009: Club Championship
SLKA_150.43 Super Puzzle Bobble Collection (Disc 1)
SLKA_150.44 Super Puzzle Bobble Collection (Disc 2)
SLES_543.32 Dance Fest
SLES_554.62 Dance Party Club Hits
SLES_554.61 Dance Party Pop Hits
SLES_518.96 Attheraces Presents Gallop Racer
SLES_548.33 Caveman Rock
SLES_539.21 Chemist Tycoon
SLES_516.30 Chess Challenger
SLES_530.11 Gallop Racer 2
SLES_532.82 Harvest Fishing
SLES_523.08 Karaoke Stage
SLES_553.28 The Millennium European Paintball Series: Championship Paintball 2009
SLES_539.36 Snow Rider
SLES_522.93 Son of the Lion King
SLPM_660.89 3-nen B-gumi Kinpachi Sensei: Densetsu no Kyoudan ni Tate! Kanzenban
SCPS_150.36 Kaitou Sly Cooper
SLPM_869.63 The Game of Life: DX Jinsei Game IV
SLPM_871.87 The Game of Life: DX Jinsei Game V
SLPS_001.55 The Game of Life: DX Jinsei Game
SLPS_009.18 The Game of Life: DX Jinsei Game II
SLPS_024.69 The Game of Life: DX Jinsei Game III
SLPM_840.01 Alabama Meets Will Vi - The 33rd Tokyo Motor Show (Japan)
PBPX_950.10 Interactive CD Sampler Disc Vol. 9
PBPX_950.11 Interactive CD Sampler Disc Vol. 10
SCUS_944.63 Interactive CD Sampler Disc Vol. 11
PBPX_950.06 Interactive CD Sampler Disc Volume 7
PBPX_950.09 Interactive CD Sampler Disc Volume 8
PBPX_950.03 Interactive CD Sampler Disk Volume 5
SCUS_949.57 Interactive CD Sampler Pack Volume 2
SCUS_949.55 Interactive CD Sampler Pack Volume One
SCUS_949.66 Interactive CD Sampler Pack Volume Three (Version 3.5)
SCUS_944.97 PlayStation Demo Disc Winter 1999: Shock Your System!
SLES_041.54 Superbike Masters
SLES_008.76 Three Lions
SLES_001.06 Sentient: Explore the Infinite
SCES_008.97 Disneys Action Spil med Herkules
SLES_555.97 Hugo: Magic in the Trollwoods
SCES_002.48 Topolino e le Sue Avventure
SLPM_664.70 Love * Com: Punch de Conte
SLPM_621.86 GetBackers: Dakkan'ya: Ubawareta Mugenjou
SCPS_150.85 Kenran Butousai
SCES_038.84 Firebugs
SLPS_006.11 Super Puzzle Fighter II X
SLPS_000.25 Toushinden
SCPS_151.04 Gunparade Orchestra: Shiro no Shou: Aomori Penguin Densetsu
SLPM_668.64 Umishou (Shokai Genteiban)
SCPS_100.86 Lord of Monsters
SCPS_100.91 Saru! Get You!
SLPM_862.75 SuperLite 1500 Series: Shougi II
SLPS_012.16 Teitoku no Ketsudan III with Power-Up Kit
SLPS_252.13 BASS_LANDING_3
SLPM_657.05 Final Fantasy XI: Promathia no Jubaku
SLPS_004.85 Battle Arena Nitoushinden
SCPS_100.30 Rurouni Kenshin: Meiji Kenkaku Romantan: Ishin Gekitou-hen
SLPS_204.13 Taiko no Tatsujin: Taiko Drum Master
